Length of dataset:  8033
2020-04-23 13:16:30.717127
Cuda enabled:  False
{'root_dir': 'data/ts_Ultimate/', 'save_dir': 'data/ts_Ultimate/results/3/', 'disable_cuda': False, 'workers': 0, 'epochs': 30, 'start_epoch': 0, 'batch_size': 256, 'lr': 0.01, 'lr_milestones': [200, 400, 600, 800], 'momentum': 0.9, 'weight_decay': 0, 'print_freq': 10, 'resume': '', 'train_size': 4819, 'val_size': 1606, 'test_size': 1608, 'optimizer': 'Adam', 'atom_fea_len': 64, 'h_fea_len': 32, 'n_conv': 1, 'n_hp': 1, 'scheduler': 'MultiStepLR', 'metric': 'mae', 'seed': 998, 'weights': None, 'dropout': 0, 'cuda': False}
Loading datasets...
Predicting  1  properties!!
Epoch: [0][0/19]	Time 4.240 (4.240)	Data 3.445 (3.445)	Loss 1.2546 (1.2546)	ERR 92.752 (92.752)
Epoch: [0][10/19]	Time 3.351 (3.565)	Data 2.826 (2.953)	Loss 0.8943 (1.1376)	ERR 84.248 (97.964)
Training Error: 85.279  Loss: 0.893
Test: [0/7]	Time 3.201 (3.201)	Loss 1.1076 (1.1076)	ERR 106.086 (106.086)
 * ERR 100.373 LOSS 0.977
Saving best parameters...
Epoch: [1][0/19]	Time 0.493 (0.493)	Data 0.012 (0.012)	Loss 0.5609 (0.5609)	ERR 57.936 (57.936)
Epoch: [1][10/19]	Time 0.572 (0.514)	Data 0.013 (0.012)	Loss 0.5042 (0.5889)	ERR 55.613 (61.429)
Training Error: 58.801  Loss: 0.524
Test: [0/7]	Time 0.150 (0.150)	Loss 0.3630 (0.3630)	ERR 57.872 (57.872)
 * ERR 61.437 LOSS 0.472
Saving best parameters...
Epoch: [2][0/19]	Time 0.523 (0.523)	Data 0.013 (0.013)	Loss 0.6396 (0.6396)	ERR 64.299 (64.299)
Epoch: [2][10/19]	Time 0.589 (0.534)	Data 0.012 (0.012)	Loss 0.3164 (0.4539)	ERR 47.154 (53.337)
Training Error: 53.105  Loss: 0.461
Test: [0/7]	Time 0.127 (0.127)	Loss 0.3877 (0.3877)	ERR 50.479 (50.479)
 * ERR 51.791 LOSS 0.377
Saving best parameters...
Epoch: [3][0/19]	Time 0.510 (0.510)	Data 0.011 (0.011)	Loss 0.5886 (0.5886)	ERR 55.436 (55.436)
Epoch: [3][10/19]	Time 0.484 (0.502)	Data 0.012 (0.012)	Loss 0.5302 (0.4314)	ERR 53.493 (50.173)
Training Error: 50.238  Loss: 0.429
Test: [0/7]	Time 0.141 (0.141)	Loss 0.3255 (0.3255)	ERR 44.716 (44.716)
 * ERR 48.386 LOSS 0.350
Saving best parameters...
Epoch: [4][0/19]	Time 0.497 (0.497)	Data 0.012 (0.012)	Loss 0.4215 (0.4215)	ERR 52.612 (52.612)
Epoch: [4][10/19]	Time 0.658 (0.573)	Data 0.013 (0.013)	Loss 0.3595 (0.4243)	ERR 47.279 (49.124)
Training Error: 47.690  Loss: 0.405
Test: [0/7]	Time 0.154 (0.154)	Loss 0.4358 (0.4358)	ERR 49.891 (49.891)
 * ERR 45.807 LOSS 0.319
Saving best parameters...
Epoch: [5][0/19]	Time 0.595 (0.595)	Data 0.016 (0.016)	Loss 0.2712 (0.2712)	ERR 45.309 (45.309)
Epoch: [5][10/19]	Time 0.490 (0.576)	Data 0.013 (0.013)	Loss 0.2267 (0.4251)	ERR 41.887 (49.959)
Training Error: 50.602  Loss: 0.427
Test: [0/7]	Time 0.139 (0.139)	Loss 0.3933 (0.3933)	ERR 53.053 (53.053)
 * ERR 52.652 LOSS 0.355
Epoch: [6][0/19]	Time 0.542 (0.542)	Data 0.012 (0.012)	Loss 0.2607 (0.2607)	ERR 44.585 (44.585)
Epoch: [6][10/19]	Time 0.596 (0.577)	Data 0.013 (0.013)	Loss 0.3534 (0.3871)	ERR 45.948 (47.448)
Training Error: 45.976  Loss: 0.382
Test: [0/7]	Time 0.152 (0.152)	Loss 0.1062 (0.1062)	ERR 32.510 (32.510)
 * ERR 37.794 LOSS 0.254
Saving best parameters...
Epoch: [7][0/19]	Time 0.550 (0.550)	Data 0.013 (0.013)	Loss 0.4083 (0.4083)	ERR 41.944 (41.944)
Epoch: [7][10/19]	Time 0.660 (0.582)	Data 0.013 (0.013)	Loss 0.3598 (0.3354)	ERR 44.708 (41.894)
Training Error: 42.199  Loss: 0.322
Test: [0/7]	Time 0.143 (0.143)	Loss 0.3348 (0.3348)	ERR 41.384 (41.384)
 * ERR 38.792 LOSS 0.253
Epoch: [8][0/19]	Time 0.660 (0.660)	Data 0.014 (0.014)	Loss 0.5229 (0.5229)	ERR 49.709 (49.709)
Epoch: [8][10/19]	Time 0.545 (0.572)	Data 0.013 (0.013)	Loss 0.1949 (0.3257)	ERR 35.690 (43.170)
Training Error: 41.201  Loss: 0.294
Test: [0/7]	Time 0.143 (0.143)	Loss 0.2360 (0.2360)	ERR 37.369 (37.369)
 * ERR 38.986 LOSS 0.245
Epoch: [9][0/19]	Time 0.506 (0.506)	Data 0.013 (0.013)	Loss 0.2250 (0.2250)	ERR 38.096 (38.096)
Epoch: [9][10/19]	Time 0.559 (0.559)	Data 0.013 (0.013)	Loss 0.2320 (0.2635)	ERR 38.965 (39.940)
Training Error: 39.830  Loss: 0.266
Test: [0/7]	Time 0.137 (0.137)	Loss 0.1175 (0.1175)	ERR 32.698 (32.698)
 * ERR 37.513 LOSS 0.243
Saving best parameters...
Epoch: [10][0/19]	Time 0.556 (0.556)	Data 0.012 (0.012)	Loss 0.3205 (0.3205)	ERR 39.097 (39.097)
Epoch: [10][10/19]	Time 0.604 (0.567)	Data 0.012 (0.013)	Loss 0.4474 (0.2710)	ERR 54.441 (40.695)
Training Error: 40.510  Loss: 0.263
Test: [0/7]	Time 0.139 (0.139)	Loss 0.3176 (0.3176)	ERR 46.004 (46.004)
 * ERR 47.371 LOSS 0.301
Epoch: [11][0/19]	Time 0.592 (0.592)	Data 0.018 (0.018)	Loss 0.2365 (0.2365)	ERR 38.674 (38.674)
Epoch: [11][10/19]	Time 0.593 (0.558)	Data 0.012 (0.013)	Loss 0.2182 (0.2676)	ERR 37.567 (41.397)
Training Error: 41.069  Loss: 0.265
Test: [0/7]	Time 0.134 (0.134)	Loss 0.1540 (0.1540)	ERR 34.166 (34.166)
 * ERR 35.548 LOSS 0.219
Saving best parameters...
Epoch: [12][0/19]	Time 0.482 (0.482)	Data 0.012 (0.012)	Loss 0.2380 (0.2380)	ERR 35.813 (35.813)
Epoch: [12][10/19]	Time 0.544 (0.533)	Data 0.013 (0.012)	Loss 0.1867 (0.2072)	ERR 33.204 (37.373)
Training Error: 39.102  Loss: 0.240
Test: [0/7]	Time 0.147 (0.147)	Loss 0.2145 (0.2145)	ERR 44.124 (44.124)
 * ERR 47.486 LOSS 0.316
Epoch: [13][0/19]	Time 0.518 (0.518)	Data 0.012 (0.012)	Loss 0.3063 (0.3063)	ERR 44.715 (44.715)
Epoch: [13][10/19]	Time 0.564 (0.525)	Data 0.012 (0.012)	Loss 0.2607 (0.2108)	ERR 40.599 (38.020)
Training Error: 38.724  Loss: 0.218
Test: [0/7]	Time 0.143 (0.143)	Loss 0.2559 (0.2559)	ERR 31.542 (31.542)
 * ERR 34.396 LOSS 0.231
Saving best parameters...
Epoch: [14][0/19]	Time 0.539 (0.539)	Data 0.016 (0.016)	Loss 0.1850 (0.1850)	ERR 32.024 (32.024)
Epoch: [14][10/19]	Time 0.463 (0.509)	Data 0.012 (0.012)	Loss 0.2745 (0.2195)	ERR 38.512 (37.536)
Training Error: 36.422  Loss: 0.215
Test: [0/7]	Time 0.138 (0.138)	Loss 0.2247 (0.2247)	ERR 35.853 (35.853)
 * ERR 34.619 LOSS 0.207
Epoch: [15][0/19]	Time 0.542 (0.542)	Data 0.012 (0.012)	Loss 0.1566 (0.1566)	ERR 36.411 (36.411)
Epoch: [15][10/19]	Time 0.496 (0.510)	Data 0.012 (0.012)	Loss 0.1017 (0.1811)	ERR 27.355 (33.061)
Training Error: 34.122  Loss: 0.200
Test: [0/7]	Time 0.136 (0.136)	Loss 0.2804 (0.2804)	ERR 37.235 (37.235)
 * ERR 34.000 LOSS 0.210
Saving best parameters...
Epoch: [16][0/19]	Time 0.595 (0.595)	Data 0.012 (0.012)	Loss 0.2570 (0.2570)	ERR 33.174 (33.174)
Epoch: [16][10/19]	Time 0.568 (0.532)	Data 0.013 (0.012)	Loss 0.2073 (0.1868)	ERR 36.036 (34.189)
Training Error: 34.229  Loss: 0.194
Test: [0/7]	Time 0.160 (0.160)	Loss 0.2463 (0.2463)	ERR 34.044 (34.044)
 * ERR 34.392 LOSS 0.267
Epoch: [17][0/19]	Time 0.505 (0.505)	Data 0.013 (0.013)	Loss 0.1565 (0.1565)	ERR 33.441 (33.441)
Epoch: [17][10/19]	Time 0.529 (0.523)	Data 0.015 (0.013)	Loss 0.1551 (0.1719)	ERR 33.486 (32.568)
Training Error: 33.309  Loss: 0.185
Test: [0/7]	Time 0.155 (0.155)	Loss 0.2011 (0.2011)	ERR 32.833 (32.833)
 * ERR 34.339 LOSS 0.210
Epoch: [18][0/19]	Time 0.534 (0.534)	Data 0.012 (0.012)	Loss 0.1905 (0.1905)	ERR 33.104 (33.104)
Epoch: [18][10/19]	Time 0.485 (0.526)	Data 0.011 (0.012)	Loss 0.1889 (0.1873)	ERR 40.029 (34.634)
Training Error: 35.991  Loss: 0.208
Test: [0/7]	Time 0.146 (0.146)	Loss 0.1474 (0.1474)	ERR 34.382 (34.382)
 * ERR 38.168 LOSS 0.231
Epoch: [19][0/19]	Time 0.631 (0.631)	Data 0.013 (0.013)	Loss 0.2090 (0.2090)	ERR 35.323 (35.323)
Epoch: [19][10/19]	Time 0.463 (0.521)	Data 0.012 (0.012)	Loss 0.2063 (0.1900)	ERR 35.703 (33.123)
Training Error: 32.270  Loss: 0.178
Test: [0/7]	Time 0.155 (0.155)	Loss 0.1158 (0.1158)	ERR 32.247 (32.247)
 * ERR 34.623 LOSS 0.199
Epoch: [20][0/19]	Time 0.598 (0.598)	Data 0.013 (0.013)	Loss 0.2019 (0.2019)	ERR 36.305 (36.305)
Epoch: [20][10/19]	Time 0.671 (0.603)	Data 0.013 (0.013)	Loss 0.1210 (0.1777)	ERR 30.753 (35.553)
Training Error: 33.845  Loss: 0.171
Test: [0/7]	Time 0.132 (0.132)	Loss 0.1523 (0.1523)	ERR 30.654 (30.654)
 * ERR 32.743 LOSS 0.195
Saving best parameters...
Epoch: [21][0/19]	Time 0.559 (0.559)	Data 0.016 (0.016)	Loss 0.0715 (0.0715)	ERR 26.478 (26.478)
Epoch: [21][10/19]	Time 0.514 (0.555)	Data 0.013 (0.013)	Loss 0.1953 (0.1572)	ERR 30.530 (30.430)
Training Error: 31.153  Loss: 0.158
Test: [0/7]	Time 0.128 (0.128)	Loss 0.2605 (0.2605)	ERR 36.107 (36.107)
 * ERR 34.539 LOSS 0.208
Epoch: [22][0/19]	Time 0.561 (0.561)	Data 0.013 (0.013)	Loss 0.1633 (0.1633)	ERR 32.536 (32.536)
Epoch: [22][10/19]	Time 0.652 (0.597)	Data 0.014 (0.013)	Loss 0.1353 (0.1532)	ERR 30.810 (32.392)
Training Error: 31.539  Loss: 0.151
Test: [0/7]	Time 0.198 (0.198)	Loss 0.3330 (0.3330)	ERR 36.980 (36.980)
 * ERR 34.764 LOSS 0.204
Epoch: [23][0/19]	Time 0.594 (0.594)	Data 0.017 (0.017)	Loss 0.1718 (0.1718)	ERR 30.911 (30.911)
Epoch: [23][10/19]	Time 0.544 (0.604)	Data 0.012 (0.013)	Loss 0.0948 (0.1640)	ERR 28.824 (30.694)
Training Error: 31.202  Loss: 0.161
Test: [0/7]	Time 0.134 (0.134)	Loss 0.2323 (0.2323)	ERR 34.569 (34.569)
 * ERR 32.193 LOSS 0.188
Saving best parameters...
Epoch: [24][0/19]	Time 0.516 (0.516)	Data 0.013 (0.013)	Loss 0.0992 (0.0992)	ERR 29.529 (29.529)
Epoch: [24][10/19]	Time 0.495 (0.531)	Data 0.011 (0.012)	Loss 0.1731 (0.1594)	ERR 32.073 (31.618)
Training Error: 32.670  Loss: 0.164
Test: [0/7]	Time 0.136 (0.136)	Loss 0.1197 (0.1197)	ERR 33.322 (33.322)
 * ERR 35.981 LOSS 0.214
Epoch: [25][0/19]	Time 0.546 (0.546)	Data 0.012 (0.012)	Loss 0.0929 (0.0929)	ERR 30.457 (30.457)
Epoch: [25][10/19]	Time 0.512 (0.500)	Data 0.012 (0.012)	Loss 0.1175 (0.1263)	ERR 28.100 (30.641)
Training Error: 30.068  Loss: 0.133
Test: [0/7]	Time 0.137 (0.137)	Loss 0.2775 (0.2775)	ERR 36.407 (36.407)
 * ERR 34.161 LOSS 0.181
Epoch: [26][0/19]	Time 0.523 (0.523)	Data 0.012 (0.012)	Loss 0.1423 (0.1423)	ERR 26.140 (26.140)
Epoch: [26][10/19]	Time 0.563 (0.556)	Data 0.014 (0.013)	Loss 0.1109 (0.1223)	ERR 29.391 (29.014)
Training Error: 29.551  Loss: 0.134
Test: [0/7]	Time 0.128 (0.128)	Loss 0.0711 (0.0711)	ERR 25.027 (25.027)
 * ERR 29.556 LOSS 0.189
Saving best parameters...
Epoch: [27][0/19]	Time 0.512 (0.512)	Data 0.012 (0.012)	Loss 0.0760 (0.0760)	ERR 24.388 (24.388)
Epoch: [27][10/19]	Time 0.489 (0.531)	Data 0.012 (0.012)	Loss 0.1593 (0.1300)	ERR 30.251 (27.854)
Training Error: 28.021  Loss: 0.127
Test: [0/7]	Time 0.149 (0.149)	Loss 0.1526 (0.1526)	ERR 32.170 (32.170)
 * ERR 32.026 LOSS 0.175
Epoch: [28][0/19]	Time 0.529 (0.529)	Data 0.012 (0.012)	Loss 0.0856 (0.0856)	ERR 28.029 (28.029)
Epoch: [28][10/19]	Time 0.564 (0.502)	Data 0.013 (0.012)	Loss 0.1334 (0.1280)	ERR 31.118 (28.838)
Training Error: 28.377  Loss: 0.117
Test: [0/7]	Time 0.135 (0.135)	Loss 0.4290 (0.4290)	ERR 35.461 (35.461)
 * ERR 31.879 LOSS 0.223
Epoch: [29][0/19]	Time 0.558 (0.558)	Data 0.012 (0.012)	Loss 0.1134 (0.1134)	ERR 26.905 (26.905)
Epoch: [29][10/19]	Time 0.480 (0.499)	Data 0.013 (0.012)	Loss 0.1066 (0.1178)	ERR 25.637 (28.859)
Training Error: 29.527  Loss: 0.135
Test: [0/7]	Time 0.142 (0.142)	Loss 0.1480 (0.1480)	ERR 30.269 (30.269)
 * ERR 32.912 LOSS 0.183
---------Evaluate Model on Test Set---------------
Test: [0/7]	Time 2.664 (2.664)	Loss 0.2008 (0.2008)	ERR 27.656 (27.656)
Test error per property: 29.134546
Test loss per property: 0.1557875
 ** ERR 29.135 LOSS 0.156
Best Error is:  29.556272506713867
2020-04-23 13:24:05.180838
Time taken  454.46371150016785
