Length of dataset:  8033
2020-04-23 12:42:11.497895
Cuda enabled:  False
{'root_dir': 'data/Elongation/', 'save_dir': 'data/Elongation/results/3/', 'disable_cuda': False, 'workers': 0, 'epochs': 30, 'start_epoch': 0, 'batch_size': 256, 'lr': 0.01, 'lr_milestones': [200, 400, 600, 800], 'momentum': 0.9, 'weight_decay': 0, 'print_freq': 10, 'resume': '', 'train_size': 4819, 'val_size': 1606, 'test_size': 1608, 'optimizer': 'Adam', 'atom_fea_len': 64, 'h_fea_len': 32, 'n_conv': 1, 'n_hp': 1, 'scheduler': 'MultiStepLR', 'metric': 'mae', 'seed': 998, 'weights': None, 'dropout': 0, 'cuda': False}
Loading datasets...
Predicting  1  properties!!
Epoch: [0][0/19]	Time 4.114 (4.114)	Data 2.429 (2.429)	Loss 1.2830 (1.2830)	ERR 4.993 (4.993)
Epoch: [0][10/19]	Time 2.858 (2.936)	Data 2.358 (2.344)	Loss 0.4761 (0.7614)	ERR 3.267 (3.982)
Training Error: 3.489  Loss: 0.626
Test: [0/7]	Time 2.438 (2.438)	Loss 0.6261 (0.6261)	ERR 3.615 (3.615)
 * ERR 3.451 LOSS 0.610
Saving best parameters...
Epoch: [1][0/19]	Time 0.456 (0.456)	Data 0.012 (0.012)	Loss 0.4016 (0.4016)	ERR 2.727 (2.727)
Epoch: [1][10/19]	Time 0.520 (0.491)	Data 0.012 (0.012)	Loss 0.2601 (0.3361)	ERR 2.345 (2.614)
Training Error: 2.549  Loss: 0.342
Test: [0/7]	Time 0.128 (0.128)	Loss 0.4153 (0.4153)	ERR 2.885 (2.885)
 * ERR 2.760 LOSS 0.412
Saving best parameters...
Epoch: [2][0/19]	Time 0.449 (0.449)	Data 0.011 (0.011)	Loss 0.2185 (0.2185)	ERR 2.077 (2.077)
Epoch: [2][10/19]	Time 0.480 (0.487)	Data 0.012 (0.012)	Loss 0.3909 (0.2655)	ERR 2.296 (2.208)
Training Error: 2.211  Loss: 0.273
Test: [0/7]	Time 0.144 (0.144)	Loss 0.1908 (0.1908)	ERR 1.974 (1.974)
 * ERR 2.108 LOSS 0.251
Saving best parameters...
Epoch: [3][0/19]	Time 0.479 (0.479)	Data 0.012 (0.012)	Loss 0.2163 (0.2163)	ERR 2.113 (2.113)
Epoch: [3][10/19]	Time 0.454 (0.497)	Data 0.012 (0.012)	Loss 0.1900 (0.2350)	ERR 1.899 (2.058)
Training Error: 1.998  Loss: 0.227
Test: [0/7]	Time 0.134 (0.134)	Loss 0.1454 (0.1454)	ERR 1.777 (1.777)
 * ERR 1.834 LOSS 0.192
Saving best parameters...
Epoch: [4][0/19]	Time 0.531 (0.531)	Data 0.013 (0.013)	Loss 0.1435 (0.1435)	ERR 1.705 (1.705)
Epoch: [4][10/19]	Time 0.544 (0.490)	Data 0.013 (0.012)	Loss 0.2654 (0.1911)	ERR 1.833 (1.837)
Training Error: 1.789  Loss: 0.189
Test: [0/7]	Time 0.130 (0.130)	Loss 0.1770 (0.1770)	ERR 1.734 (1.734)
 * ERR 1.753 LOSS 0.179
Saving best parameters...
Epoch: [5][0/19]	Time 0.470 (0.470)	Data 0.012 (0.012)	Loss 0.1783 (0.1783)	ERR 1.913 (1.913)
Epoch: [5][10/19]	Time 0.481 (0.499)	Data 0.012 (0.012)	Loss 0.1161 (0.1693)	ERR 1.591 (1.714)
Training Error: 1.725  Loss: 0.175
Test: [0/7]	Time 0.134 (0.134)	Loss 0.1432 (0.1432)	ERR 1.758 (1.758)
 * ERR 1.681 LOSS 0.166
Saving best parameters...
Epoch: [6][0/19]	Time 0.531 (0.531)	Data 0.013 (0.013)	Loss 0.1173 (0.1173)	ERR 1.562 (1.562)
Epoch: [6][10/19]	Time 0.504 (0.491)	Data 0.012 (0.012)	Loss 0.1357 (0.1980)	ERR 1.651 (1.862)
Training Error: 1.911  Loss: 0.206
Test: [0/7]	Time 0.149 (0.149)	Loss 0.1921 (0.1921)	ERR 1.829 (1.829)
 * ERR 1.691 LOSS 0.172
Epoch: [7][0/19]	Time 0.526 (0.526)	Data 0.011 (0.011)	Loss 0.1371 (0.1371)	ERR 1.680 (1.680)
Epoch: [7][10/19]	Time 0.468 (0.508)	Data 0.012 (0.012)	Loss 0.2091 (0.2070)	ERR 1.716 (1.872)
Training Error: 1.775  Loss: 0.186
Test: [0/7]	Time 0.132 (0.132)	Loss 0.1385 (0.1385)	ERR 1.538 (1.538)
 * ERR 1.613 LOSS 0.162
Saving best parameters...
Epoch: [8][0/19]	Time 0.490 (0.490)	Data 0.013 (0.013)	Loss 0.1498 (0.1498)	ERR 1.733 (1.733)
Epoch: [8][10/19]	Time 0.479 (0.496)	Data 0.011 (0.012)	Loss 0.1405 (0.1552)	ERR 1.698 (1.616)
Training Error: 1.626  Loss: 0.162
Test: [0/7]	Time 0.146 (0.146)	Loss 0.1655 (0.1655)	ERR 1.776 (1.776)
 * ERR 1.740 LOSS 0.178
Epoch: [9][0/19]	Time 0.516 (0.516)	Data 0.012 (0.012)	Loss 0.1382 (0.1382)	ERR 1.642 (1.642)
Epoch: [9][10/19]	Time 0.470 (0.488)	Data 0.011 (0.012)	Loss 0.2893 (0.1820)	ERR 1.733 (1.638)
Training Error: 1.600  Loss: 0.159
Test: [0/7]	Time 0.146 (0.146)	Loss 0.1203 (0.1203)	ERR 1.512 (1.512)
 * ERR 1.621 LOSS 0.163
Epoch: [10][0/19]	Time 0.495 (0.495)	Data 0.012 (0.012)	Loss 0.1345 (0.1345)	ERR 1.596 (1.596)
Epoch: [10][10/19]	Time 0.477 (0.502)	Data 0.012 (0.012)	Loss 0.0981 (0.1324)	ERR 1.422 (1.495)
Training Error: 1.501  Loss: 0.143
Test: [0/7]	Time 0.141 (0.141)	Loss 0.1076 (0.1076)	ERR 1.465 (1.465)
 * ERR 1.521 LOSS 0.145
Saving best parameters...
Epoch: [11][0/19]	Time 0.502 (0.502)	Data 0.013 (0.013)	Loss 0.0881 (0.0881)	ERR 1.337 (1.337)
Epoch: [11][10/19]	Time 0.501 (0.499)	Data 0.013 (0.012)	Loss 0.1085 (0.1615)	ERR 1.490 (1.625)
Training Error: 1.572  Loss: 0.150
Test: [0/7]	Time 0.134 (0.134)	Loss 0.1083 (0.1083)	ERR 1.394 (1.394)
 * ERR 1.513 LOSS 0.143
Saving best parameters...
Epoch: [12][0/19]	Time 0.509 (0.509)	Data 0.013 (0.013)	Loss 0.1644 (0.1644)	ERR 1.898 (1.898)
Epoch: [12][10/19]	Time 0.491 (0.495)	Data 0.011 (0.012)	Loss 0.0868 (0.1465)	ERR 1.334 (1.543)
Training Error: 1.477  Loss: 0.139
Test: [0/7]	Time 0.136 (0.136)	Loss 0.1218 (0.1218)	ERR 1.487 (1.487)
 * ERR 1.457 LOSS 0.139
Saving best parameters...
Epoch: [13][0/19]	Time 0.561 (0.561)	Data 0.012 (0.012)	Loss 0.0904 (0.0904)	ERR 1.321 (1.321)
Epoch: [13][10/19]	Time 0.477 (0.497)	Data 0.013 (0.012)	Loss 0.1755 (0.1337)	ERR 1.614 (1.487)
Training Error: 1.488  Loss: 0.138
Test: [0/7]	Time 0.126 (0.126)	Loss 0.1447 (0.1447)	ERR 1.652 (1.652)
 * ERR 1.635 LOSS 0.159
Epoch: [14][0/19]	Time 0.486 (0.486)	Data 0.012 (0.012)	Loss 0.1446 (0.1446)	ERR 1.750 (1.750)
Epoch: [14][10/19]	Time 0.433 (0.495)	Data 0.011 (0.012)	Loss 0.1022 (0.1655)	ERR 1.446 (1.612)
Training Error: 1.542  Loss: 0.145
Test: [0/7]	Time 0.147 (0.147)	Loss 0.1384 (0.1384)	ERR 1.577 (1.577)
 * ERR 1.504 LOSS 0.144
Epoch: [15][0/19]	Time 0.545 (0.545)	Data 0.013 (0.013)	Loss 0.1033 (0.1033)	ERR 1.422 (1.422)
Epoch: [15][10/19]	Time 0.490 (0.496)	Data 0.012 (0.012)	Loss 0.1800 (0.1342)	ERR 1.393 (1.444)
Training Error: 1.403  Loss: 0.127
Test: [0/7]	Time 0.141 (0.141)	Loss 0.1286 (0.1286)	ERR 1.388 (1.388)
 * ERR 1.408 LOSS 0.133
Saving best parameters...
Epoch: [16][0/19]	Time 0.423 (0.423)	Data 0.012 (0.012)	Loss 0.1197 (0.1197)	ERR 1.579 (1.579)
Epoch: [16][10/19]	Time 0.511 (0.489)	Data 0.012 (0.012)	Loss 0.1862 (0.1564)	ERR 1.608 (1.614)
Training Error: 1.581  Loss: 0.150
Test: [0/7]	Time 0.136 (0.136)	Loss 0.1390 (0.1390)	ERR 1.650 (1.650)
 * ERR 1.751 LOSS 0.176
Epoch: [17][0/19]	Time 0.461 (0.461)	Data 0.012 (0.012)	Loss 0.1568 (0.1568)	ERR 1.678 (1.678)
Epoch: [17][10/19]	Time 0.454 (0.484)	Data 0.011 (0.012)	Loss 0.1007 (0.1655)	ERR 1.463 (1.683)
Training Error: 1.599  Loss: 0.154
Test: [0/7]	Time 0.122 (0.122)	Loss 0.1290 (0.1290)	ERR 1.582 (1.582)
 * ERR 1.557 LOSS 0.150
Epoch: [18][0/19]	Time 0.507 (0.507)	Data 0.013 (0.013)	Loss 0.1079 (0.1079)	ERR 1.507 (1.507)
Epoch: [18][10/19]	Time 0.609 (0.497)	Data 0.013 (0.012)	Loss 0.0954 (0.1543)	ERR 1.329 (1.552)
Training Error: 1.511  Loss: 0.143
Test: [0/7]	Time 0.137 (0.137)	Loss 0.1271 (0.1271)	ERR 1.468 (1.468)
 * ERR 1.431 LOSS 0.129
Epoch: [19][0/19]	Time 0.494 (0.494)	Data 0.012 (0.012)	Loss 0.0997 (0.0997)	ERR 1.399 (1.399)
Epoch: [19][10/19]	Time 0.515 (0.501)	Data 0.012 (0.012)	Loss 0.0830 (0.1423)	ERR 1.270 (1.427)
Training Error: 1.386  Loss: 0.122
Test: [0/7]	Time 0.129 (0.129)	Loss 0.1072 (0.1072)	ERR 1.466 (1.466)
 * ERR 1.453 LOSS 0.134
Epoch: [20][0/19]	Time 0.505 (0.505)	Data 0.013 (0.013)	Loss 0.1226 (0.1226)	ERR 1.534 (1.534)
Epoch: [20][10/19]	Time 0.532 (0.497)	Data 0.012 (0.012)	Loss 0.0861 (0.1416)	ERR 1.303 (1.499)
Training Error: 1.500  Loss: 0.136
Test: [0/7]	Time 0.165 (0.165)	Loss 0.1447 (0.1447)	ERR 1.521 (1.521)
 * ERR 1.452 LOSS 0.135
Epoch: [21][0/19]	Time 0.521 (0.521)	Data 0.012 (0.012)	Loss 0.1368 (0.1368)	ERR 1.509 (1.509)
Epoch: [21][10/19]	Time 0.480 (0.503)	Data 0.012 (0.012)	Loss 0.1390 (0.1455)	ERR 1.735 (1.505)
Training Error: 1.453  Loss: 0.130
Test: [0/7]	Time 0.147 (0.147)	Loss 0.1112 (0.1112)	ERR 1.493 (1.493)
 * ERR 1.495 LOSS 0.135
Epoch: [22][0/19]	Time 0.473 (0.473)	Data 0.012 (0.012)	Loss 0.0889 (0.0889)	ERR 1.325 (1.325)
Epoch: [22][10/19]	Time 0.528 (0.498)	Data 0.012 (0.012)	Loss 0.1552 (0.1307)	ERR 1.830 (1.430)
Training Error: 1.411  Loss: 0.123
Test: [0/7]	Time 0.132 (0.132)	Loss 0.0882 (0.0882)	ERR 1.313 (1.313)
 * ERR 1.391 LOSS 0.126
Saving best parameters...
Epoch: [23][0/19]	Time 0.452 (0.452)	Data 0.012 (0.012)	Loss 0.1171 (0.1171)	ERR 1.415 (1.415)
Epoch: [23][10/19]	Time 0.513 (0.487)	Data 0.012 (0.012)	Loss 0.1046 (0.1253)	ERR 1.417 (1.352)
Training Error: 1.310  Loss: 0.110
Test: [0/7]	Time 0.129 (0.129)	Loss 0.0922 (0.0922)	ERR 1.300 (1.300)
 * ERR 1.307 LOSS 0.113
Saving best parameters...
Epoch: [24][0/19]	Time 0.509 (0.509)	Data 0.012 (0.012)	Loss 0.2178 (0.2178)	ERR 1.462 (1.462)
Epoch: [24][10/19]	Time 0.491 (0.481)	Data 0.012 (0.012)	Loss 0.0944 (0.1109)	ERR 1.300 (1.358)
Training Error: 1.335  Loss: 0.113
Test: [0/7]	Time 0.132 (0.132)	Loss 0.0932 (0.0932)	ERR 1.335 (1.335)
 * ERR 1.378 LOSS 0.123
Epoch: [25][0/19]	Time 0.478 (0.478)	Data 0.012 (0.012)	Loss 0.2165 (0.2165)	ERR 1.500 (1.500)
Epoch: [25][10/19]	Time 0.538 (0.500)	Data 0.012 (0.012)	Loss 0.0987 (0.1318)	ERR 1.409 (1.446)
Training Error: 1.509  Loss: 0.133
Test: [0/7]	Time 0.134 (0.134)	Loss 0.0861 (0.0861)	ERR 1.273 (1.273)
 * ERR 1.302 LOSS 0.115
Saving best parameters...
Epoch: [26][0/19]	Time 0.467 (0.467)	Data 0.012 (0.012)	Loss 0.1012 (0.1012)	ERR 1.428 (1.428)
Epoch: [26][10/19]	Time 0.488 (0.490)	Data 0.012 (0.012)	Loss 0.1319 (0.1561)	ERR 1.421 (1.628)
Training Error: 1.569  Loss: 0.148
Test: [0/7]	Time 0.128 (0.128)	Loss 0.2061 (0.2061)	ERR 1.979 (1.979)
 * ERR 1.954 LOSS 0.206
Epoch: [27][0/19]	Time 0.550 (0.550)	Data 0.012 (0.012)	Loss 0.2141 (0.2141)	ERR 2.112 (2.112)
Epoch: [27][10/19]	Time 0.512 (0.494)	Data 0.012 (0.012)	Loss 0.1533 (0.1299)	ERR 1.755 (1.580)
Training Error: 1.514  Loss: 0.137
Test: [0/7]	Time 0.141 (0.141)	Loss 0.1071 (0.1071)	ERR 1.391 (1.391)
 * ERR 1.315 LOSS 0.116
Epoch: [28][0/19]	Time 0.551 (0.551)	Data 0.013 (0.013)	Loss 0.0768 (0.0768)	ERR 1.228 (1.228)
Epoch: [28][10/19]	Time 0.522 (0.511)	Data 0.012 (0.012)	Loss 0.0654 (0.1088)	ERR 1.126 (1.340)
Training Error: 1.326  Loss: 0.109
Test: [0/7]	Time 0.125 (0.125)	Loss 0.1125 (0.1125)	ERR 1.362 (1.362)
 * ERR 1.286 LOSS 0.107
Saving best parameters...
Epoch: [29][0/19]	Time 0.752 (0.752)	Data 0.012 (0.012)	Loss 0.0747 (0.0747)	ERR 1.204 (1.204)
Epoch: [29][10/19]	Time 0.581 (0.600)	Data 0.013 (0.013)	Loss 0.1075 (0.1060)	ERR 1.203 (1.306)
Training Error: 1.305  Loss: 0.105
Test: [0/7]	Time 0.122 (0.122)	Loss 0.0861 (0.0861)	ERR 1.212 (1.212)
 * ERR 1.301 LOSS 0.113
---------Evaluate Model on Test Set---------------
Test: [0/7]	Time 2.589 (2.589)	Loss 0.1036 (0.1036)	ERR 1.214 (1.214)
Test error per property: 1.2461883
Test loss per property: 0.10700972
 ** ERR 1.246 LOSS 0.107
Best Error is:  1.2859641313552856
2020-04-23 12:49:10.276775
Time taken  418.77887988090515
