Length of dataset:  100
2020-03-13 09:39:36.698913
Cuda enabled:  False
{'root_dir': 'data/sample/', 'save_dir': 'data/sample/results/0/', 'disable_cuda': False, 'workers': 0, 'epochs': 30, 'start_epoch': 0, 'batch_size': 256, 'lr': 0.01, 'lr_milestones': [200, 400, 600, 800], 'momentum': 0.9, 'weight_decay': 0, 'print_freq': 10, 'resume': '', 'train_size': 60, 'val_size': 20, 'test_size': 20, 'optimizer': 'Adam', 'atom_fea_len': 64, 'h_fea_len': 32, 'n_conv': 1, 'n_hp': 1, 'scheduler': 'MultiStepLR', 'metric': 'mae', 'seed': 887, 'weights': None, 'dropout': 0, 'cuda': False}
Loading datasets...
Predicting  2  properties!!
Epoch: [0][0/1]	Time 0.657 (0.657)	Data 0.008 (0.008)	Loss 1.3685 (1.3685)	ERR 1.365 (1.365)
Training Error: 1.365  Loss: 1.369
Test: [0/1]	Time 0.074 (0.074)	Loss 7.8491 (7.8491)	ERR 3.287 (3.287)
 * ERR 3.287 LOSS 7.849
Saving best parameters...
Epoch: [1][0/1]	Time 0.624 (0.624)	Data 0.010 (0.010)	Loss 1.7441 (1.7441)	ERR 1.308 (1.308)
Training Error: 1.308  Loss: 1.744
Test: [0/1]	Time 0.068 (0.068)	Loss 1.8681 (1.8681)	ERR 1.504 (1.504)
 * ERR 1.504 LOSS 1.868
Saving best parameters...
Epoch: [2][0/1]	Time 0.766 (0.766)	Data 0.009 (0.009)	Loss 1.0316 (1.0316)	ERR 1.025 (1.025)
Training Error: 1.025  Loss: 1.032
Test: [0/1]	Time 0.066 (0.066)	Loss 0.5854 (0.5854)	ERR 0.858 (0.858)
 * ERR 0.858 LOSS 0.585
Saving best parameters...
Epoch: [3][0/1]	Time 0.601 (0.601)	Data 0.007 (0.007)	Loss 0.7634 (0.7634)	ERR 0.970 (0.970)
Training Error: 0.970  Loss: 0.763
Test: [0/1]	Time 0.061 (0.061)	Loss 0.8519 (0.8519)	ERR 1.054 (1.054)
 * ERR 1.054 LOSS 0.852
Epoch: [4][0/1]	Time 0.626 (0.626)	Data 0.009 (0.009)	Loss 0.8870 (0.8870)	ERR 1.096 (1.096)
Training Error: 1.096  Loss: 0.887
Test: [0/1]	Time 0.082 (0.082)	Loss 0.8905 (0.8905)	ERR 1.090 (1.090)
 * ERR 1.090 LOSS 0.891
Epoch: [5][0/1]	Time 0.620 (0.620)	Data 0.009 (0.009)	Loss 0.8395 (0.8395)	ERR 1.085 (1.085)
Training Error: 1.085  Loss: 0.839
Test: [0/1]	Time 0.065 (0.065)	Loss 0.7147 (0.7147)	ERR 0.988 (0.988)
 * ERR 0.988 LOSS 0.715
Epoch: [6][0/1]	Time 0.611 (0.611)	Data 0.009 (0.009)	Loss 0.6742 (0.6742)	ERR 0.968 (0.968)
Training Error: 0.968  Loss: 0.674
Test: [0/1]	Time 0.068 (0.068)	Loss 0.5650 (0.5650)	ERR 0.866 (0.866)
 * ERR 0.866 LOSS 0.565
Epoch: [7][0/1]	Time 0.650 (0.650)	Data 0.008 (0.008)	Loss 0.5562 (0.5562)	ERR 0.840 (0.840)
Training Error: 0.840  Loss: 0.556
Test: [0/1]	Time 0.071 (0.071)	Loss 0.4853 (0.4853)	ERR 0.789 (0.789)
 * ERR 0.789 LOSS 0.485
Saving best parameters...
Epoch: [8][0/1]	Time 0.612 (0.612)	Data 0.010 (0.010)	Loss 0.5210 (0.5210)	ERR 0.783 (0.783)
Training Error: 0.783  Loss: 0.521
Test: [0/1]	Time 0.080 (0.080)	Loss 0.4404 (0.4404)	ERR 0.738 (0.738)
 * ERR 0.738 LOSS 0.440
Saving best parameters...
Epoch: [9][0/1]	Time 0.608 (0.608)	Data 0.010 (0.010)	Loss 0.5197 (0.5197)	ERR 0.787 (0.787)
Training Error: 0.787  Loss: 0.520
Test: [0/1]	Time 0.075 (0.075)	Loss 0.4041 (0.4041)	ERR 0.688 (0.688)
 * ERR 0.688 LOSS 0.404
Saving best parameters...
Epoch: [10][0/1]	Time 0.664 (0.664)	Data 0.010 (0.010)	Loss 0.5007 (0.5007)	ERR 0.763 (0.763)
Training Error: 0.763  Loss: 0.501
Test: [0/1]	Time 0.065 (0.065)	Loss 0.3724 (0.3724)	ERR 0.668 (0.668)
 * ERR 0.668 LOSS 0.372
Saving best parameters...
Epoch: [11][0/1]	Time 0.610 (0.610)	Data 0.011 (0.011)	Loss 0.4474 (0.4474)	ERR 0.717 (0.717)
Training Error: 0.717  Loss: 0.447
Test: [0/1]	Time 0.072 (0.072)	Loss 0.3557 (0.3557)	ERR 0.651 (0.651)
 * ERR 0.651 LOSS 0.356
Saving best parameters...
Epoch: [12][0/1]	Time 0.610 (0.610)	Data 0.011 (0.011)	Loss 0.3773 (0.3773)	ERR 0.654 (0.654)
Training Error: 0.654  Loss: 0.377
Test: [0/1]	Time 0.074 (0.074)	Loss 0.3780 (0.3780)	ERR 0.661 (0.661)
 * ERR 0.661 LOSS 0.378
Epoch: [13][0/1]	Time 0.678 (0.678)	Data 0.008 (0.008)	Loss 0.3230 (0.3230)	ERR 0.594 (0.594)
Training Error: 0.594  Loss: 0.323
Test: [0/1]	Time 0.065 (0.065)	Loss 0.4781 (0.4781)	ERR 0.744 (0.744)
 * ERR 0.744 LOSS 0.478
Epoch: [14][0/1]	Time 0.605 (0.605)	Data 0.009 (0.009)	Loss 0.3053 (0.3053)	ERR 0.573 (0.573)
Training Error: 0.573  Loss: 0.305
Test: [0/1]	Time 0.075 (0.075)	Loss 0.6905 (0.6905)	ERR 0.932 (0.932)
 * ERR 0.932 LOSS 0.691
Epoch: [15][0/1]	Time 0.614 (0.614)	Data 0.010 (0.010)	Loss 0.3124 (0.3124)	ERR 0.575 (0.575)
Training Error: 0.575  Loss: 0.312
Test: [0/1]	Time 0.073 (0.073)	Loss 0.9501 (0.9501)	ERR 1.106 (1.106)
 * ERR 1.106 LOSS 0.950
Epoch: [16][0/1]	Time 0.737 (0.737)	Data 0.008 (0.008)	Loss 0.3106 (0.3106)	ERR 0.572 (0.572)
Training Error: 0.572  Loss: 0.311
Test: [0/1]	Time 0.079 (0.079)	Loss 1.0322 (1.0322)	ERR 1.165 (1.165)
 * ERR 1.165 LOSS 1.032
Epoch: [17][0/1]	Time 0.683 (0.683)	Data 0.009 (0.009)	Loss 0.2828 (0.2828)	ERR 0.541 (0.541)
Training Error: 0.541  Loss: 0.283
Test: [0/1]	Time 0.073 (0.073)	Loss 0.8475 (0.8475)	ERR 1.073 (1.073)
 * ERR 1.073 LOSS 0.847
Epoch: [18][0/1]	Time 0.786 (0.786)	Data 0.009 (0.009)	Loss 0.2451 (0.2451)	ERR 0.506 (0.506)
Training Error: 0.506  Loss: 0.245
Test: [0/1]	Time 0.080 (0.080)	Loss 0.5931 (0.5931)	ERR 0.885 (0.885)
 * ERR 0.885 LOSS 0.593
Epoch: [19][0/1]	Time 0.648 (0.648)	Data 0.010 (0.010)	Loss 0.2199 (0.2199)	ERR 0.492 (0.492)
Training Error: 0.492  Loss: 0.220
Test: [0/1]	Time 0.078 (0.078)	Loss 0.4457 (0.4457)	ERR 0.729 (0.729)
 * ERR 0.729 LOSS 0.446
Epoch: [20][0/1]	Time 0.740 (0.740)	Data 0.026 (0.026)	Loss 0.2099 (0.2099)	ERR 0.488 (0.488)
Training Error: 0.488  Loss: 0.210
Test: [0/1]	Time 0.072 (0.072)	Loss 0.4064 (0.4064)	ERR 0.676 (0.676)
 * ERR 0.676 LOSS 0.406
Epoch: [21][0/1]	Time 0.818 (0.818)	Data 0.011 (0.011)	Loss 0.2056 (0.2056)	ERR 0.482 (0.482)
Training Error: 0.482  Loss: 0.206
Test: [0/1]	Time 0.068 (0.068)	Loss 0.4131 (0.4131)	ERR 0.686 (0.686)
 * ERR 0.686 LOSS 0.413
Epoch: [22][0/1]	Time 0.673 (0.673)	Data 0.010 (0.010)	Loss 0.1952 (0.1952)	ERR 0.469 (0.469)
Training Error: 0.469  Loss: 0.195
Test: [0/1]	Time 0.072 (0.072)	Loss 0.4366 (0.4366)	ERR 0.710 (0.710)
 * ERR 0.710 LOSS 0.437
Epoch: [23][0/1]	Time 0.703 (0.703)	Data 0.008 (0.008)	Loss 0.1712 (0.1712)	ERR 0.438 (0.438)
Training Error: 0.438  Loss: 0.171
Test: [0/1]	Time 0.063 (0.063)	Loss 0.4845 (0.4845)	ERR 0.742 (0.742)
 * ERR 0.742 LOSS 0.485
Epoch: [24][0/1]	Time 0.603 (0.603)	Data 0.008 (0.008)	Loss 0.1534 (0.1534)	ERR 0.421 (0.421)
Training Error: 0.421  Loss: 0.153
Test: [0/1]	Time 0.071 (0.071)	Loss 0.5675 (0.5675)	ERR 0.805 (0.805)
 * ERR 0.805 LOSS 0.567
Epoch: [25][0/1]	Time 0.611 (0.611)	Data 0.009 (0.009)	Loss 0.1489 (0.1489)	ERR 0.426 (0.426)
Training Error: 0.426  Loss: 0.149
Test: [0/1]	Time 0.076 (0.076)	Loss 0.6824 (0.6824)	ERR 0.889 (0.889)
 * ERR 0.889 LOSS 0.682
Epoch: [26][0/1]	Time 0.749 (0.749)	Data 0.010 (0.010)	Loss 0.1471 (0.1471)	ERR 0.423 (0.423)
Training Error: 0.423  Loss: 0.147
Test: [0/1]	Time 0.073 (0.073)	Loss 0.8135 (0.8135)	ERR 0.981 (0.981)
 * ERR 0.981 LOSS 0.813
Epoch: [27][0/1]	Time 0.616 (0.616)	Data 0.008 (0.008)	Loss 0.1388 (0.1388)	ERR 0.405 (0.405)
Training Error: 0.405  Loss: 0.139
Test: [0/1]	Time 0.069 (0.069)	Loss 0.9318 (0.9318)	ERR 1.040 (1.040)
 * ERR 1.040 LOSS 0.932
Epoch: [28][0/1]	Time 0.603 (0.603)	Data 0.009 (0.009)	Loss 0.1253 (0.1253)	ERR 0.378 (0.378)
Training Error: 0.378  Loss: 0.125
Test: [0/1]	Time 0.087 (0.087)	Loss 1.0066 (1.0066)	ERR 1.061 (1.061)
 * ERR 1.061 LOSS 1.007
Epoch: [29][0/1]	Time 0.614 (0.614)	Data 0.009 (0.009)	Loss 0.1142 (0.1142)	ERR 0.354 (0.354)
Training Error: 0.354  Loss: 0.114
Test: [0/1]	Time 0.070 (0.070)	Loss 1.0292 (1.0292)	ERR 1.053 (1.053)
 * ERR 1.053 LOSS 1.029
---------Evaluate Model on Test Set---------------
Test: [0/1]	Time 0.037 (0.037)	Loss 0.7474 (0.7474)	ERR 0.899 (0.899)
Test error per property: [0.55160415 1.2472755 ]
Test loss per property: [0.60376704 0.8911257 ]
 ** ERR 0.899 LOSS 0.747
Best Error is:  0.6512302756309509
2020-03-13 09:40:05.742697
Time taken  29.04378390312195
