2020-03-03 13:17:49 INFO     Problem type is: regression
2020-03-03 13:17:49 INFO     Fitting MatPipe pipeline to data.
2020-03-03 13:17:49 INFO     AutoFeaturizer: Starting fitting.
2020-03-03 13:17:49 INFO     AutoFeaturizer: Compositions detected as strings. Attempting conversion to Composition objects...
2020-03-03 13:18:01 INFO     AutoFeaturizer: Guessing oxidation states of compositions, as they were not present in input.
2020-03-03 13:18:10 INFO     AutoFeaturizer: Will remove YangSolidSolution because it's fraction passing the precheck for this dataset (0.46153846153846156) was less than the minimum (0.9)
2020-03-03 13:18:10 INFO     AutoFeaturizer: Will remove Miedema because it's fraction passing the precheck for this dataset (0.46153846153846156) was less than the minimum (0.9)
2020-03-03 13:18:10 INFO     AutoFeaturizer: Featurizer type structure not in the dataframe to be fitted. Skipping...
2020-03-03 13:18:10 INFO     AutoFeaturizer: Featurizer type bandstructure not in the dataframe to be fitted. Skipping...
2020-03-03 13:18:10 INFO     AutoFeaturizer: Featurizer type dos not in the dataframe to be fitted. Skipping...
2020-03-03 13:18:10 INFO     AutoFeaturizer: Finished fitting.
2020-03-03 13:18:10 INFO     AutoFeaturizer: Starting transforming.
2020-03-03 13:18:10 INFO     AutoFeaturizer: Featurizing with ElementProperty.
2020-03-03 13:18:19 INFO     AutoFeaturizer: Featurizing with OxidationStates.
2020-03-03 13:18:27 INFO     AutoFeaturizer: Featurizing with ElectronAffinity.
2020-03-03 13:18:35 INFO     AutoFeaturizer: Featurizing with IonProperty.
2020-03-03 13:19:15 INFO     AutoFeaturizer: Featurizer type structure not in the dataframe. Skipping...
2020-03-03 13:19:15 INFO     AutoFeaturizer: Featurizer type bandstructure not in the dataframe. Skipping...
2020-03-03 13:19:15 INFO     AutoFeaturizer: Featurizer type dos not in the dataframe. Skipping...
2020-03-03 13:19:15 INFO     AutoFeaturizer: Finished transforming.
2020-03-03 13:19:15 INFO     DataCleaner: Starting fitting.
2020-03-03 13:19:15 INFO     DataCleaner: Cleaning with respect to samples with sample na_method 'drop'
2020-03-03 13:19:15 INFO     DataCleaner: Replacing infinite values with nan for easier screening.
2020-03-03 13:19:15 INFO     DataCleaner: One-hot encoding used for columns ['name']
2020-03-03 13:19:15 INFO     DataCleaner: Before handling na: 117 samples, 258 features
2020-03-03 13:19:15 INFO     DataCleaner: 0 samples did not have target values. They were dropped.
2020-03-03 13:19:15 INFO     DataCleaner: Handling feature na by max na threshold of 0.01 with method 'drop'.
2020-03-03 13:19:15 INFO     DataCleaner: These 8 features were removed as they had more than 1.0% missing values: {'minimum oxidation state', 'max ionic char', 'std_dev oxidation state', 'compound possible', 'range oxidation state', 'maximum oxidation state', 'avg ionic char', 'avg anion electron affinity'}
2020-03-03 13:19:15 INFO     DataCleaner: After handling na: 117 samples, 250 features
2020-03-03 13:19:15 INFO     DataCleaner: Finished fitting.
2020-03-03 13:19:15 INFO     FeatureReducer: Starting fitting.
2020-03-03 13:19:16 INFO     FeatureReducer: 51 features removed due to cross correlation more than 0.95
2020-03-03 13:19:17 INFO     TreeFeatureReducer: Finished tree-based feature reduction of 198 initial features to 38
2020-03-03 13:19:17 INFO     FeatureReducer: Finished fitting.
2020-03-03 13:19:17 INFO     FeatureReducer: Starting transforming.
2020-03-03 13:19:17 INFO     FeatureReducer: Finished transforming.
2020-03-03 13:19:17 INFO     TPOTAdaptor: Starting fitting.
2020-03-03 14:19:33 INFO     TPOTAdaptor: Finished fitting.
2020-03-03 14:19:33 INFO     MatPipe successfully fit.
2020-03-03 14:25:25 INFO     Beginning MatPipe prediction using fitted pipeline.
2020-03-03 14:25:25 INFO     AutoFeaturizer: Starting transforming.
2020-03-03 14:25:25 INFO     AutoFeaturizer: Compositions detected as strings. Attempting conversion to Composition objects...
2020-03-03 14:25:36 INFO     AutoFeaturizer: Guessing oxidation states of compositions, as they were not present in input.
2020-03-03 14:25:48 INFO     AutoFeaturizer: Featurizing with ElementProperty.
2020-03-03 14:25:58 INFO     AutoFeaturizer: Featurizing with OxidationStates.
2020-03-03 14:26:05 INFO     AutoFeaturizer: Featurizing with ElectronAffinity.
2020-03-03 14:26:13 INFO     AutoFeaturizer: Featurizing with IonProperty.
2020-03-03 14:26:23 INFO     AutoFeaturizer: Featurizer type structure not in the dataframe. Skipping...
2020-03-03 14:26:23 INFO     AutoFeaturizer: Featurizer type bandstructure not in the dataframe. Skipping...
2020-03-03 14:26:23 INFO     AutoFeaturizer: Featurizer type dos not in the dataframe. Skipping...
2020-03-03 14:26:23 INFO     AutoFeaturizer: Finished transforming.
2020-03-03 14:26:23 INFO     DataCleaner: Starting transforming.
2020-03-03 14:26:23 INFO     DataCleaner: Cleaning with respect to samples with sample na_method 'fill'
2020-03-03 14:26:23 INFO     DataCleaner: Replacing infinite values with nan for easier screening.
2020-03-03 14:26:23 INFO     DataCleaner: One-hot encoding used for columns ['name']
2020-03-03 14:26:23 INFO     DataCleaner: Before handling na: 14 samples, 154 features
2020-03-03 14:26:23 WARNING  DataCleaner: Mismatched columns found in dataframe used for fitting and argument dataframe.
2020-03-03 14:26:23 WARNING  DataCleaner: Coercing mismatched columns...
2020-03-03 14:26:23 WARNING  DataCleaner: Assuming missing columns in argument df are one-hot encoding issues. Setting to zero the following new columns:
['name_10/90 (90Pb-10Sn) Solder - ASTM B32 Grade Sn10A, UNS L54520', 'name_3013-H14 Aluminum', 'name_40/60 (60Pb-40Sn) Solder- ASTM B 32 Grade Sn40A, UNS L54915', 'name_4015-O Aluminum', 'name_5/95 Solder (95Pb-5Sn), UNS L54320', 'name_AISI 1006 Steel, hot rolled bar, 19-32 mm (0.75-1.25 in) round', 'name_AISI 1008 Steel, hot rolled bar, 19-32 mm (0.75-1.25 in) round', 'name_AISI 1012 Steel, hot rolled bar, 19-32 mm (0.75-1.25 in) round or thickness', 'name_AISI 1015 Steel, hot rolled, 19-32 mm (0.75-1.25 in) round', 'name_ATI Wah Chang Zircadyne® Alloy Zr 702', 'name_ATI Wah Chang Zircadyne® Alloy Zr 705', 'name_AgPd-1 Precious dental alloy', 'name_Alclad Aluminum 2024-O', 'name_Alclad Aluminum 2024-T62', 'name_Alclad Aluminum 2024-T72', 'name_Aluminum 2017-O', 'name_Aluminum 2025-T6', 'name_Aluminum 2030-T3', 'name_Aluminum 2048-T851 Plate', 'name_Aluminum 2090-O', 'name_Aluminum 3102-H112', 'name_Aluminum 3104-H19', 'name_Aluminum 3105-H12', 'name_Aluminum 4032-T6', 'name_Aluminum 5005-H12', 'name_Aluminum 5024-H116', 'name_Aluminum 5042-H19', 'name_Aluminum 5050-H32', 'name_Beryllium Copper 21C UNS C82510 Casting Alloy As-Cast', 'name_Eutectic Solder (63Sn-37Pb) - ASTM B 32 Grade Sn63', 'name_Grade 702 Zirconium, Commercially Pure', 'name_Grade 704 Zirconium (Zr-1.5Sn)', 'name_Grade 706 Zirconium (Zr-2.5Nb)', 'name_HGC-1 Precious dental alloy', 'name_HGC-1-C Precious dental alloy', 'name_Lead-Base Babbitt Alloy 15, UNS L53620', 'name_Magnesium AE42-F, Die Cast', 'name_Magnesium AM100A-F, Cast', 'name_Magnesium AM20-F, Die Cast', 'name_Magnesium AM50A-F, Die Cast', 'name_Magnesium AM60A-F, Die Cast', 'name_Magnesium AS21-F, Die Cast', 'name_Magnesium AS41A-F, Die Cast', 'name_Magnesium AZ10A Wrought Alloy (UNS M11100)', 'name_Magnesium AZ31B T1 Wrought Alloy (UNS M11311)', 'name_Magnesium AZ61A-F, Extruded Hollow Shapes', 'name_Magnesium AZ80A T4 Wrought Alloy (UNS M11800)', 'name_Overview of materials for 3000 Series Aluminum Alloy', 'name_Overview of materials for 4000 Series Aluminum Alloy', 'name_Overview of materials for 5000 Series Aluminum Alloy', 'name_Overview of materials for 6000 Series Aluminum Alloy', 'name_Overview of materials for AISI 1000 Series Steel', 'name_Overview of materials for AISI 4000 Series Steel', 'name_Overview of materials for AISI 5000 Series Steel', 'name_Overview of materials for AISI 6000 Series Steel', 'name_Overview of materials for AISI 8000 Series Steel', 'name_Overview of materials for AISI 9000 Series Steel', 'name_Overview of materials for Air-Hardening Steel', 'name_Overview of materials for Alloy Cast Iron', 'name_Overview of materials for Alpha/Beta Titanium Alloy', 'name_Overview of materials for Alpha/Near Alpha Titanium Alloy', 'name_Overview of materials for Aluminum Alloy', 'name_Overview of materials for Aluminum Casting Alloy', 'name_Overview of materials for Beryllium Alloy', 'name_Overview of materials for Beta Titanium Alloy', 'name_Overview of materials for Brass', 'name_Overview of materials for Bronze', 'name_Overview of materials for Cast Iron', 'name_Overview of materials for Cast Stainless Steel', 'name_Overview of materials for Chrome-moly Steel', 'name_Overview of materials for Cold Work Steel', 'name_Overview of materials for Copper Alloy', 'name_Overview of materials for Copper Casting Alloy', 'name_Overview of materials for Ductile Iron', 'name_Overview of materials for Duplex', 'name_Overview of materials for Gold Alloy', 'name_Overview of materials for Gray Cast Iron', 'name_Overview of materials for High Carbon Steel', 'name_Overview of materials for Hot Work Steel', 'name_Overview of materials for Lead Alloy', 'name_Overview of materials for Low Alloy Steel', 'name_Overview of materials for Low Carbon Steel', 'name_Overview of materials for Magnesium Alloy', 'name_Overview of materials for Malleable Iron', 'name_Overview of materials for Maraging Steel', 'name_Overview of materials for Martensitic', 'name_Overview of materials for Medium Alloy Steel', 'name_Overview of materials for Medium Carbon Steel', 'name_Overview of materials for Molybdenum Alloy', 'name_Overview of materials for Nickel Alloy', 'name_Overview of materials for Niobium Alloy', 'name_Overview of materials for Oil-Hardening Steel', 'name_Overview of materials for Palladium Alloy', 'name_Overview of materials for Precipitation Hardening Stainless', 'name_Overview of materials for Refractory Metal', 'name_Overview of materials for Shock-Resisting Steel', 'name_Overview of materials for Solder/Braze Alloy', 'name_Overview of materials for Stainless Steel', 'name_Overview of materials for T 300 Series Stainless Steel', 'name_Overview of materials for T 400 Series Stainless Steel', 'name_Overview of materials for T 600 Series Stainless Steel', 'name_Overview of materials for Tin Alloy', 'name_Overview of materials for Tungsten Alloy', 'name_Overview of materials for Unalloyed/Modified Titanium', 'name_Overview of materials for Water-Hardening Steel', 'name_Overview of materials for Wrought Copper', 'name_Overview of materials for Zirconium Alloy', 'name_Pd-4-C Precious dental alloy', 'name_Reactor Grade Zirconium', 'name_Sandvik Zr 702 Zirconium', 'name_Ti-24.5Al-17Nb Titanium Aluminide', 'name_Ti-25Al-10Nb-3V-1Mo Titanium Aluminide', 'name_Ti-25Al-17Nb-1Mo Titanium Aluminide', 'name_Tin-Silver Solder (95Sn-5Ag), ASTM B 32 Grade Sn95', 'name_Zircaloy-2 Zirconium Alloy', 'name_Zirconium 30 (IMI)', 'name_Zr-2.5Nb Zirconium Alloy, Nuclear Grade']
2020-03-03 14:26:23 WARNING  DataCleaner: Following columns are being dropped:
['minimum oxidation state', 'maximum oxidation state', 'range oxidation state', 'std_dev oxidation state', 'avg anion electron affinity', 'compound possible', 'max ionic char', 'avg ionic char', 'name_Aluminum 2117-T4', 'name_Beryllium-Copper Casting Alloy 245C, UNS C82600, As-Cast', 'name_Grade 705 Zirconium (Zr-2.5Nb)', 'name_Overview of materials for 1000 Series Aluminum', 'name_Overview of materials for 2000 Series Aluminum Alloy', 'name_Overview of materials for 7000 Series Aluminum Alloy', 'name_Overview of materials for Austenitic', 'name_Overview of materials for Cobalt Alloy', 'name_Overview of materials for Mold Steel', 'name_Overview of materials for Platinum Alloy', 'name_Overview of materials for Silver Alloy', 'name_Overview of materials for T S10000 Series Stainless Steel', 'name_Overview of materials for Zinc Alloy', 'name_Zircaloy-4 Zirconium Alloy']
2020-03-03 14:26:24 INFO     DataCleaner: After handling na: 14 samples, 249 features
2020-03-03 14:26:24 INFO     DataCleaner: Target not found in df columns. Ignoring...
2020-03-03 14:26:24 INFO     DataCleaner: Finished transforming.
2020-03-03 14:26:24 INFO     FeatureReducer: Starting transforming.
2020-03-03 14:26:24 WARNING  FeatureReducer: Target not found in columns to transform.
2020-03-03 14:26:24 INFO     FeatureReducer: Finished transforming.
2020-03-03 14:26:24 INFO     TPOTAdaptor: Starting predicting.
2020-03-03 14:26:24 INFO     TPOTAdaptor: Prediction finished successfully.
2020-03-03 14:26:24 INFO     TPOTAdaptor: Finished predicting.
2020-03-03 14:26:24 INFO     MatPipe prediction completed.
