2020-03-01 21:01:11 INFO     Problem type is: regression
2020-03-01 21:01:11 INFO     Fitting MatPipe pipeline to data.
2020-03-01 21:01:11 INFO     AutoFeaturizer: Starting fitting.
2020-03-01 21:01:11 INFO     AutoFeaturizer: Compositions detected as strings. Attempting conversion to Composition objects...
2020-03-01 21:01:18 INFO     AutoFeaturizer: Guessing oxidation states of compositions, as they were not present in input.
2020-03-01 21:01:27 INFO     AutoFeaturizer: Featurizer type structure not in the dataframe to be fitted. Skipping...
2020-03-01 21:01:27 INFO     AutoFeaturizer: Featurizer type bandstructure not in the dataframe to be fitted. Skipping...
2020-03-01 21:01:27 INFO     AutoFeaturizer: Featurizer type dos not in the dataframe to be fitted. Skipping...
2020-03-01 21:01:27 INFO     AutoFeaturizer: Finished fitting.
2020-03-01 21:01:27 INFO     AutoFeaturizer: Starting transforming.
2020-03-01 21:01:27 INFO     AutoFeaturizer: Featurizing with ElementProperty.
2020-03-01 21:01:35 INFO     AutoFeaturizer: Featurizing with OxidationStates.
2020-03-01 21:01:42 INFO     AutoFeaturizer: Featurizing with ElectronAffinity.
2020-03-01 21:01:48 INFO     AutoFeaturizer: Featurizing with IonProperty.
2020-03-01 21:01:55 INFO     AutoFeaturizer: Featurizing with YangSolidSolution.
2020-03-01 21:02:02 INFO     AutoFeaturizer: Featurizing with Miedema.
2020-03-01 21:02:13 INFO     AutoFeaturizer: Featurizer type structure not in the dataframe. Skipping...
2020-03-01 21:02:13 INFO     AutoFeaturizer: Featurizer type bandstructure not in the dataframe. Skipping...
2020-03-01 21:02:13 INFO     AutoFeaturizer: Featurizer type dos not in the dataframe. Skipping...
2020-03-01 21:02:13 INFO     AutoFeaturizer: Finished transforming.
2020-03-01 21:02:13 INFO     DataCleaner: Starting fitting.
2020-03-01 21:02:13 INFO     DataCleaner: Cleaning with respect to samples with sample na_method 'drop'
2020-03-01 21:02:13 INFO     DataCleaner: Replacing infinite values with nan for easier screening.
2020-03-01 21:02:13 INFO     DataCleaner: Before handling na: 9 samples, 146 features
2020-03-01 21:02:13 INFO     DataCleaner: 0 samples did not have target values. They were dropped.
2020-03-01 21:02:13 INFO     DataCleaner: Handling feature na by max na threshold of 0.01 with method 'drop'.
2020-03-01 21:02:13 INFO     DataCleaner: These 8 features were removed as they had more than 1.0% missing values: {'range oxidation state', 'max ionic char', 'avg anion electron affinity', 'std_dev oxidation state', 'compound possible', 'avg ionic char', 'maximum oxidation state', 'minimum oxidation state'}
2020-03-01 21:02:13 INFO     DataCleaner: After handling na: 9 samples, 138 features
2020-03-01 21:02:13 INFO     DataCleaner: Finished fitting.
2020-03-01 21:02:13 INFO     FeatureReducer: Starting fitting.
2020-03-01 21:02:13 INFO     FeatureReducer: 92 features removed due to cross correlation more than 0.95
2020-03-01 21:02:13 INFO     TreeFeatureReducer: Finished tree-based feature reduction of 45 initial features to 15
2020-03-01 21:02:13 INFO     FeatureReducer: Finished fitting.
2020-03-01 21:02:13 INFO     FeatureReducer: Starting transforming.
2020-03-01 21:02:13 INFO     FeatureReducer: Finished transforming.
2020-03-01 21:02:13 INFO     TPOTAdaptor: Starting fitting.
