2020-03-03 20:38:31 INFO     Problem type is: regression
2020-03-03 20:38:31 INFO     Fitting MatPipe pipeline to data.
2020-03-03 20:38:31 INFO     AutoFeaturizer: Starting fitting.
2020-03-03 20:38:31 INFO     AutoFeaturizer: Compositions detected as strings. Attempting conversion to Composition objects...
2020-03-03 20:38:37 INFO     AutoFeaturizer: Guessing oxidation states of compositions, as they were not present in input.
2020-03-03 20:38:46 WARNING  AutoFeaturizer: Could not decorate oxidation states due to 'float' object has no attribute 'elements'
TO SKIP THESE ERRORS when featurizing specific compounds, set 'ignore_errors=True' when running the batch featurize() operation (e.g., featurize_many(), featurize_dataframe(), etc.).. Excluding featurizers based on composition oxistates
2020-03-03 20:39:36 INFO     Problem type is: regression
2020-03-03 20:39:36 INFO     Fitting MatPipe pipeline to data.
2020-03-03 20:39:36 INFO     AutoFeaturizer: Starting fitting.
2020-03-03 20:39:36 INFO     AutoFeaturizer: Compositions detected as strings. Attempting conversion to Composition objects...
2020-03-03 20:39:41 INFO     AutoFeaturizer: Guessing oxidation states of compositions, as they were not present in input.
2020-03-03 20:39:48 INFO     AutoFeaturizer: Will remove YangSolidSolution because it's fraction passing the precheck for this dataset (0.4444444444444444) was less than the minimum (0.9)
2020-03-03 20:39:48 INFO     AutoFeaturizer: Will remove Miedema because it's fraction passing the precheck for this dataset (0.4444444444444444) was less than the minimum (0.9)
2020-03-03 20:39:48 INFO     AutoFeaturizer: Featurizer type structure not in the dataframe to be fitted. Skipping...
2020-03-03 20:39:48 INFO     AutoFeaturizer: Featurizer type bandstructure not in the dataframe to be fitted. Skipping...
2020-03-03 20:39:48 INFO     AutoFeaturizer: Featurizer type dos not in the dataframe to be fitted. Skipping...
2020-03-03 20:39:48 INFO     AutoFeaturizer: Finished fitting.
2020-03-03 20:39:48 INFO     AutoFeaturizer: Starting transforming.
2020-03-03 20:39:48 INFO     AutoFeaturizer: Featurizing with ElementProperty.
2020-03-03 20:39:55 INFO     AutoFeaturizer: Featurizing with OxidationStates.
2020-03-03 20:40:01 INFO     AutoFeaturizer: Featurizing with ElectronAffinity.
2020-03-03 20:40:07 INFO     AutoFeaturizer: Featurizing with IonProperty.
