Length of dataset:  13110
2020-04-23 14:16:22.271704
Cuda enabled:  False
{'root_dir': 'data/fyp_K/', 'save_dir': 'data/fyp_K/results/3/', 'disable_cuda': False, 'workers': 0, 'epochs': 30, 'start_epoch': 0, 'batch_size': 256, 'lr': 0.01, 'lr_milestones': [200, 400, 600, 800], 'momentum': 0.9, 'weight_decay': 0, 'print_freq': 10, 'resume': '', 'train_size': 7866, 'val_size': 2622, 'test_size': 2622, 'optimizer': 'Adam', 'atom_fea_len': 64, 'h_fea_len': 32, 'n_conv': 1, 'n_hp': 1, 'scheduler': 'MultiStepLR', 'metric': 'mae', 'seed': 998, 'weights': None, 'dropout': 0, 'cuda': False}
Loading datasets...
Predicting  1  properties!!
Epoch: [0][0/31]	Time 2.783 (2.783)	Data 2.366 (2.366)	Loss 1.0333 (1.0333)	ERR 60.860 (60.860)
Epoch: [0][10/31]	Time 2.695 (2.953)	Data 2.289 (2.520)	Loss 0.5094 (0.7510)	ERR 38.727 (49.926)
Epoch: [0][20/31]	Time 2.682 (2.912)	Data 2.269 (2.476)	Loss 0.2007 (0.5455)	ERR 24.556 (40.661)
Epoch: [0][30/31]	Time 2.034 (2.830)	Data 1.641 (2.400)	Loss 0.2776 (0.4618)	ERR 30.874 (36.652)
Training Error: 36.652  Loss: 0.462
Test: [0/11]	Time 2.639 (2.639)	Loss 0.3780 (0.3780)	ERR 32.361 (32.361)
Test: [10/11]	Time 0.613 (2.364)	Loss 0.5049 (0.3754)	ERR 39.404 (31.331)
 * ERR 31.331 LOSS 0.375
Saving best parameters...
Epoch: [1][0/31]	Time 0.422 (0.422)	Data 0.015 (0.015)	Loss 0.1940 (0.1940)	ERR 23.920 (23.920)
Epoch: [1][10/31]	Time 0.440 (0.439)	Data 0.011 (0.012)	Loss 0.5324 (0.2754)	ERR 30.399 (26.318)
Epoch: [1][20/31]	Time 0.411 (0.444)	Data 0.012 (0.012)	Loss 0.1702 (0.2605)	ERR 22.306 (26.449)
Epoch: [1][30/31]	Time 0.339 (0.442)	Data 0.010 (0.012)	Loss 0.2933 (0.2452)	ERR 21.233 (25.368)
Training Error: 25.368  Loss: 0.245
Test: [0/11]	Time 0.116 (0.116)	Loss 0.2197 (0.2197)	ERR 23.789 (23.789)
Test: [10/11]	Time 0.033 (0.112)	Loss 0.1842 (0.2113)	ERR 21.507 (21.213)
 * ERR 21.213 LOSS 0.211
Saving best parameters...
Epoch: [2][0/31]	Time 0.433 (0.433)	Data 0.012 (0.012)	Loss 0.1437 (0.1437)	ERR 20.425 (20.425)
Epoch: [2][10/31]	Time 0.499 (0.445)	Data 0.012 (0.012)	Loss 0.2624 (0.1955)	ERR 23.311 (22.377)
Epoch: [2][20/31]	Time 0.450 (0.444)	Data 0.012 (0.012)	Loss 0.0933 (0.1782)	ERR 16.680 (21.275)
Epoch: [2][30/31]	Time 0.318 (0.441)	Data 0.009 (0.012)	Loss 0.1388 (0.1792)	ERR 18.911 (20.649)
Training Error: 20.649  Loss: 0.179
Test: [0/11]	Time 0.109 (0.109)	Loss 0.1356 (0.1356)	ERR 17.443 (17.443)
Test: [10/11]	Time 0.040 (0.112)	Loss 0.1277 (0.2017)	ERR 18.909 (20.176)
 * ERR 20.176 LOSS 0.202
Saving best parameters...
Epoch: [3][0/31]	Time 0.456 (0.456)	Data 0.013 (0.013)	Loss 0.1594 (0.1594)	ERR 18.574 (18.574)
Epoch: [3][10/31]	Time 0.444 (0.438)	Data 0.011 (0.012)	Loss 0.1410 (0.1612)	ERR 17.738 (19.294)
Epoch: [3][20/31]	Time 0.414 (0.445)	Data 0.012 (0.012)	Loss 0.1141 (0.1601)	ERR 16.834 (19.511)
Epoch: [3][30/31]	Time 0.278 (0.442)	Data 0.008 (0.012)	Loss 0.4255 (0.1664)	ERR 23.053 (19.665)
Training Error: 19.665  Loss: 0.166
Test: [0/11]	Time 0.110 (0.110)	Loss 0.1221 (0.1221)	ERR 17.550 (17.550)
Test: [10/11]	Time 0.040 (0.111)	Loss 0.1087 (0.2039)	ERR 17.454 (19.018)
 * ERR 19.018 LOSS 0.204
Saving best parameters...
Epoch: [4][0/31]	Time 0.454 (0.454)	Data 0.012 (0.012)	Loss 0.1540 (0.1540)	ERR 18.690 (18.690)
Epoch: [4][10/31]	Time 0.514 (0.451)	Data 0.012 (0.012)	Loss 0.2030 (0.1826)	ERR 25.206 (20.789)
Epoch: [4][20/31]	Time 0.461 (0.445)	Data 0.012 (0.012)	Loss 0.1259 (0.1813)	ERR 18.640 (20.886)
Epoch: [4][30/31]	Time 0.283 (0.441)	Data 0.009 (0.012)	Loss 0.1416 (0.1759)	ERR 20.474 (20.458)
Training Error: 20.458  Loss: 0.176
Test: [0/11]	Time 0.119 (0.119)	Loss 0.1397 (0.1397)	ERR 18.271 (18.271)
Test: [10/11]	Time 0.038 (0.111)	Loss 0.2013 (0.2041)	ERR 20.109 (19.490)
 * ERR 19.490 LOSS 0.204
Epoch: [5][0/31]	Time 0.500 (0.500)	Data 0.013 (0.013)	Loss 0.1456 (0.1456)	ERR 19.184 (19.184)
Epoch: [5][10/31]	Time 0.462 (0.458)	Data 0.011 (0.012)	Loss 0.1207 (0.1865)	ERR 17.699 (20.963)
Epoch: [5][20/31]	Time 0.458 (0.448)	Data 0.012 (0.012)	Loss 0.2914 (0.1896)	ERR 23.268 (21.507)
Epoch: [5][30/31]	Time 0.350 (0.442)	Data 0.009 (0.012)	Loss 0.2039 (0.1882)	ERR 22.673 (21.623)
Training Error: 21.623  Loss: 0.188
Test: [0/11]	Time 0.117 (0.117)	Loss 0.2153 (0.2153)	ERR 19.447 (19.447)
Test: [10/11]	Time 0.036 (0.110)	Loss 0.1537 (0.1967)	ERR 18.584 (19.357)
 * ERR 19.357 LOSS 0.197
Epoch: [6][0/31]	Time 0.467 (0.467)	Data 0.012 (0.012)	Loss 0.1672 (0.1672)	ERR 18.786 (18.786)
Epoch: [6][10/31]	Time 0.463 (0.451)	Data 0.012 (0.012)	Loss 0.1557 (0.1586)	ERR 20.816 (20.440)
Epoch: [6][20/31]	Time 0.451 (0.449)	Data 0.013 (0.012)	Loss 0.1487 (0.1581)	ERR 19.339 (19.596)
Epoch: [6][30/31]	Time 0.297 (0.443)	Data 0.008 (0.012)	Loss 0.0950 (0.1648)	ERR 16.450 (19.327)
Training Error: 19.327  Loss: 0.165
Test: [0/11]	Time 0.115 (0.115)	Loss 0.1185 (0.1185)	ERR 15.445 (15.445)
Test: [10/11]	Time 0.033 (0.113)	Loss 0.1029 (0.1687)	ERR 17.815 (16.808)
 * ERR 16.808 LOSS 0.169
Saving best parameters...
Epoch: [7][0/31]	Time 0.487 (0.487)	Data 0.013 (0.013)	Loss 0.3097 (0.3097)	ERR 19.469 (19.469)
Epoch: [7][10/31]	Time 0.433 (0.443)	Data 0.011 (0.012)	Loss 0.1534 (0.1617)	ERR 17.498 (17.198)
Epoch: [7][20/31]	Time 0.439 (0.450)	Data 0.012 (0.012)	Loss 0.0932 (0.1529)	ERR 16.632 (17.717)
Epoch: [7][30/31]	Time 0.345 (0.446)	Data 0.010 (0.012)	Loss 0.0942 (0.1453)	ERR 15.833 (17.640)
Training Error: 17.640  Loss: 0.145
Test: [0/11]	Time 0.115 (0.115)	Loss 0.1141 (0.1141)	ERR 17.181 (17.181)
Test: [10/11]	Time 0.029 (0.113)	Loss 0.1295 (0.1718)	ERR 17.024 (17.208)
 * ERR 17.208 LOSS 0.172
Epoch: [8][0/31]	Time 0.506 (0.506)	Data 0.013 (0.013)	Loss 0.1138 (0.1138)	ERR 18.198 (18.198)
Epoch: [8][10/31]	Time 0.421 (0.445)	Data 0.012 (0.012)	Loss 0.1086 (0.1274)	ERR 18.345 (17.237)
Epoch: [8][20/31]	Time 0.464 (0.450)	Data 0.012 (0.012)	Loss 0.2222 (0.1418)	ERR 18.411 (17.319)
Epoch: [8][30/31]	Time 0.308 (0.443)	Data 0.008 (0.012)	Loss 0.0973 (0.1414)	ERR 15.890 (17.371)
Training Error: 17.371  Loss: 0.141
Test: [0/11]	Time 0.114 (0.114)	Loss 0.1339 (0.1339)	ERR 18.487 (18.487)
Test: [10/11]	Time 0.040 (0.109)	Loss 0.0957 (0.1770)	ERR 16.232 (17.388)
 * ERR 17.388 LOSS 0.177
Epoch: [9][0/31]	Time 0.499 (0.499)	Data 0.013 (0.013)	Loss 0.1380 (0.1380)	ERR 18.613 (18.613)
Epoch: [9][10/31]	Time 0.483 (0.451)	Data 0.012 (0.012)	Loss 0.2248 (0.1352)	ERR 18.131 (16.649)
Epoch: [9][20/31]	Time 0.436 (0.451)	Data 0.012 (0.012)	Loss 0.1187 (0.1494)	ERR 18.703 (17.633)
Epoch: [9][30/31]	Time 0.301 (0.445)	Data 0.008 (0.012)	Loss 0.0963 (0.1556)	ERR 16.510 (18.722)
Training Error: 18.722  Loss: 0.156
Test: [0/11]	Time 0.105 (0.105)	Loss 0.2286 (0.2286)	ERR 17.980 (17.980)
Test: [10/11]	Time 0.040 (0.115)	Loss 0.1021 (0.1821)	ERR 15.423 (17.813)
 * ERR 17.813 LOSS 0.182
Epoch: [10][0/31]	Time 0.485 (0.485)	Data 0.012 (0.012)	Loss 0.2172 (0.2172)	ERR 17.313 (17.313)
Epoch: [10][10/31]	Time 0.451 (0.444)	Data 0.012 (0.012)	Loss 0.1109 (0.1306)	ERR 14.800 (16.960)
Epoch: [10][20/31]	Time 0.455 (0.451)	Data 0.011 (0.012)	Loss 0.2462 (0.1488)	ERR 19.038 (17.838)
Epoch: [10][30/31]	Time 0.328 (0.445)	Data 0.008 (0.012)	Loss 0.1510 (0.1447)	ERR 19.903 (17.586)
Training Error: 17.586  Loss: 0.145
Test: [0/11]	Time 0.123 (0.123)	Loss 0.0845 (0.0845)	ERR 14.499 (14.499)
Test: [10/11]	Time 0.036 (0.111)	Loss 0.1429 (0.1655)	ERR 17.345 (16.967)
 * ERR 16.967 LOSS 0.165
Epoch: [11][0/31]	Time 0.464 (0.464)	Data 0.012 (0.012)	Loss 0.2589 (0.2589)	ERR 20.086 (20.086)
Epoch: [11][10/31]	Time 0.461 (0.453)	Data 0.012 (0.012)	Loss 0.1230 (0.1616)	ERR 17.687 (18.354)
Epoch: [11][20/31]	Time 0.445 (0.448)	Data 0.012 (0.012)	Loss 0.1403 (0.1471)	ERR 19.198 (17.728)
Epoch: [11][30/31]	Time 0.338 (0.444)	Data 0.008 (0.012)	Loss 0.0890 (0.1417)	ERR 15.541 (17.506)
Training Error: 17.506  Loss: 0.142
Test: [0/11]	Time 0.119 (0.119)	Loss 0.0885 (0.0885)	ERR 15.640 (15.640)
Test: [10/11]	Time 0.035 (0.109)	Loss 0.1188 (0.1663)	ERR 17.722 (17.434)
 * ERR 17.434 LOSS 0.166
Epoch: [12][0/31]	Time 0.470 (0.470)	Data 0.012 (0.012)	Loss 0.0904 (0.0904)	ERR 16.615 (16.615)
Epoch: [12][10/31]	Time 0.473 (0.452)	Data 0.012 (0.012)	Loss 0.0731 (0.1251)	ERR 13.899 (16.446)
Epoch: [12][20/31]	Time 0.414 (0.446)	Data 0.011 (0.012)	Loss 0.2193 (0.1364)	ERR 19.651 (17.021)
Epoch: [12][30/31]	Time 0.301 (0.442)	Data 0.009 (0.012)	Loss 0.1536 (0.1375)	ERR 19.830 (17.166)
Training Error: 17.166  Loss: 0.137
Test: [0/11]	Time 0.118 (0.118)	Loss 0.1880 (0.1880)	ERR 16.011 (16.011)
Test: [10/11]	Time 0.038 (0.110)	Loss 0.1136 (0.1672)	ERR 16.687 (16.678)
 * ERR 16.678 LOSS 0.167
Saving best parameters...
Epoch: [13][0/31]	Time 0.463 (0.463)	Data 0.012 (0.012)	Loss 0.1855 (0.1855)	ERR 18.250 (18.250)
Epoch: [13][10/31]	Time 0.433 (0.439)	Data 0.011 (0.012)	Loss 0.0788 (0.1225)	ERR 14.242 (15.831)
Epoch: [13][20/31]	Time 0.460 (0.443)	Data 0.012 (0.012)	Loss 0.1788 (0.1260)	ERR 17.075 (16.302)
Epoch: [13][30/31]	Time 0.287 (0.442)	Data 0.008 (0.012)	Loss 0.0554 (0.1327)	ERR 12.599 (16.689)
Training Error: 16.689  Loss: 0.133
Test: [0/11]	Time 0.113 (0.113)	Loss 0.0693 (0.0693)	ERR 13.266 (13.266)
Test: [10/11]	Time 0.035 (0.110)	Loss 0.2073 (0.1608)	ERR 19.884 (15.895)
 * ERR 15.895 LOSS 0.161
Saving best parameters...
Epoch: [14][0/31]	Time 0.472 (0.472)	Data 0.013 (0.013)	Loss 0.1016 (0.1016)	ERR 15.817 (15.817)
Epoch: [14][10/31]	Time 0.506 (0.460)	Data 0.011 (0.012)	Loss 0.1380 (0.1321)	ERR 15.084 (15.884)
Epoch: [14][20/31]	Time 0.431 (0.454)	Data 0.012 (0.012)	Loss 0.1143 (0.1290)	ERR 16.314 (16.179)
Epoch: [14][30/31]	Time 0.311 (0.444)	Data 0.008 (0.012)	Loss 0.0746 (0.1286)	ERR 14.300 (16.457)
Training Error: 16.457  Loss: 0.129
Test: [0/11]	Time 0.111 (0.111)	Loss 0.1068 (0.1068)	ERR 18.692 (18.692)
Test: [10/11]	Time 0.034 (0.111)	Loss 0.1135 (0.1949)	ERR 18.803 (20.090)
 * ERR 20.090 LOSS 0.195
Epoch: [15][0/31]	Time 0.506 (0.506)	Data 0.012 (0.012)	Loss 0.1248 (0.1248)	ERR 17.660 (17.660)
Epoch: [15][10/31]	Time 0.418 (0.434)	Data 0.011 (0.012)	Loss 0.0698 (0.1540)	ERR 14.662 (17.262)
Epoch: [15][20/31]	Time 0.444 (0.445)	Data 0.012 (0.012)	Loss 0.1011 (0.1409)	ERR 17.568 (17.097)
Epoch: [15][30/31]	Time 0.317 (0.443)	Data 0.009 (0.012)	Loss 0.1485 (0.1298)	ERR 17.255 (16.668)
Training Error: 16.668  Loss: 0.130
Test: [0/11]	Time 0.116 (0.116)	Loss 0.0880 (0.0880)	ERR 14.970 (14.970)
Test: [10/11]	Time 0.031 (0.109)	Loss 0.1465 (0.1650)	ERR 13.992 (16.567)
 * ERR 16.567 LOSS 0.165
Epoch: [16][0/31]	Time 0.481 (0.481)	Data 0.011 (0.011)	Loss 0.1045 (0.1045)	ERR 14.111 (14.111)
Epoch: [16][10/31]	Time 0.442 (0.443)	Data 0.012 (0.012)	Loss 0.0912 (0.1278)	ERR 14.888 (15.889)
Epoch: [16][20/31]	Time 0.428 (0.442)	Data 0.012 (0.012)	Loss 0.0773 (0.1293)	ERR 14.288 (16.769)
Epoch: [16][30/31]	Time 0.333 (0.443)	Data 0.009 (0.012)	Loss 0.2429 (0.1279)	ERR 19.933 (16.514)
Training Error: 16.514  Loss: 0.128
Test: [0/11]	Time 0.115 (0.115)	Loss 0.2373 (0.2373)	ERR 17.264 (17.264)
Test: [10/11]	Time 0.030 (0.109)	Loss 0.0793 (0.1608)	ERR 15.212 (16.730)
 * ERR 16.730 LOSS 0.161
Epoch: [17][0/31]	Time 0.438 (0.438)	Data 0.013 (0.013)	Loss 0.1492 (0.1492)	ERR 16.527 (16.527)
Epoch: [17][10/31]	Time 0.427 (0.442)	Data 0.011 (0.012)	Loss 0.2000 (0.1373)	ERR 16.900 (16.219)
Epoch: [17][20/31]	Time 0.427 (0.443)	Data 0.012 (0.012)	Loss 0.1224 (0.1351)	ERR 14.738 (16.359)
Epoch: [17][30/31]	Time 0.318 (0.442)	Data 0.008 (0.012)	Loss 0.0729 (0.1311)	ERR 14.610 (16.532)
Training Error: 16.532  Loss: 0.131
Test: [0/11]	Time 0.113 (0.113)	Loss 0.2998 (0.2998)	ERR 17.010 (17.010)
Test: [10/11]	Time 0.034 (0.109)	Loss 0.0724 (0.1636)	ERR 15.084 (16.708)
 * ERR 16.708 LOSS 0.164
Epoch: [18][0/31]	Time 0.454 (0.454)	Data 0.012 (0.012)	Loss 0.0878 (0.0878)	ERR 14.906 (14.906)
Epoch: [18][10/31]	Time 0.473 (0.448)	Data 0.012 (0.012)	Loss 0.1231 (0.1204)	ERR 18.857 (16.638)
Epoch: [18][20/31]	Time 0.466 (0.453)	Data 0.012 (0.012)	Loss 0.1434 (0.1218)	ERR 20.892 (16.922)
Epoch: [18][30/31]	Time 0.324 (0.445)	Data 0.009 (0.012)	Loss 0.0613 (0.1331)	ERR 13.445 (16.981)
Training Error: 16.981  Loss: 0.133
Test: [0/11]	Time 0.116 (0.116)	Loss 0.1628 (0.1628)	ERR 13.842 (13.842)
Test: [10/11]	Time 0.037 (0.110)	Loss 0.0678 (0.1598)	ERR 13.307 (15.978)
 * ERR 15.978 LOSS 0.160
Epoch: [19][0/31]	Time 0.439 (0.439)	Data 0.012 (0.012)	Loss 0.0862 (0.0862)	ERR 15.062 (15.062)
Epoch: [19][10/31]	Time 0.430 (0.427)	Data 0.012 (0.012)	Loss 0.1075 (0.1061)	ERR 14.304 (15.802)
Epoch: [19][20/31]	Time 0.398 (0.444)	Data 0.011 (0.012)	Loss 0.1034 (0.1256)	ERR 15.761 (16.522)
Epoch: [19][30/31]	Time 0.297 (0.442)	Data 0.008 (0.012)	Loss 0.3227 (0.1264)	ERR 17.679 (16.392)
Training Error: 16.392  Loss: 0.126
Test: [0/11]	Time 0.110 (0.110)	Loss 0.3266 (0.3266)	ERR 16.366 (16.366)
Test: [10/11]	Time 0.035 (0.110)	Loss 0.4632 (0.1533)	ERR 24.356 (15.553)
 * ERR 15.553 LOSS 0.153
Saving best parameters...
Epoch: [20][0/31]	Time 0.428 (0.428)	Data 0.012 (0.012)	Loss 0.0911 (0.0911)	ERR 14.213 (14.213)
Epoch: [20][10/31]	Time 0.436 (0.446)	Data 0.011 (0.012)	Loss 0.2200 (0.1335)	ERR 17.970 (16.639)
Epoch: [20][20/31]	Time 0.519 (0.453)	Data 0.012 (0.012)	Loss 0.2019 (0.1234)	ERR 19.028 (16.496)
Epoch: [20][30/31]	Time 0.305 (0.445)	Data 0.008 (0.012)	Loss 0.0874 (0.1295)	ERR 14.296 (16.695)
Training Error: 16.695  Loss: 0.129
Test: [0/11]	Time 0.113 (0.113)	Loss 0.0919 (0.0919)	ERR 15.813 (15.813)
Test: [10/11]	Time 0.036 (0.111)	Loss 0.0545 (0.1668)	ERR 12.455 (17.418)
 * ERR 17.418 LOSS 0.167
Epoch: [21][0/31]	Time 0.408 (0.408)	Data 0.012 (0.012)	Loss 0.0681 (0.0681)	ERR 14.378 (14.378)
Epoch: [21][10/31]	Time 0.471 (0.456)	Data 0.012 (0.012)	Loss 0.1325 (0.1225)	ERR 15.584 (16.206)
Epoch: [21][20/31]	Time 0.471 (0.449)	Data 0.013 (0.012)	Loss 0.1677 (0.1287)	ERR 17.767 (16.298)
Epoch: [21][30/31]	Time 0.295 (0.442)	Data 0.008 (0.012)	Loss 0.0675 (0.1213)	ERR 13.962 (16.003)
Training Error: 16.003  Loss: 0.121
Test: [0/11]	Time 0.113 (0.113)	Loss 0.2846 (0.2846)	ERR 18.636 (18.636)
Test: [10/11]	Time 0.031 (0.110)	Loss 0.0467 (0.1575)	ERR 12.623 (15.949)
 * ERR 15.949 LOSS 0.158
Epoch: [22][0/31]	Time 0.480 (0.480)	Data 0.013 (0.013)	Loss 0.0912 (0.0912)	ERR 16.306 (16.306)
Epoch: [22][10/31]	Time 0.431 (0.443)	Data 0.011 (0.012)	Loss 0.0950 (0.1213)	ERR 15.986 (15.777)
Epoch: [22][20/31]	Time 0.451 (0.448)	Data 0.012 (0.012)	Loss 0.1250 (0.1172)	ERR 17.908 (15.768)
Epoch: [22][30/31]	Time 0.283 (0.444)	Data 0.008 (0.012)	Loss 0.2365 (0.1202)	ERR 17.847 (15.675)
Training Error: 15.675  Loss: 0.120
Test: [0/11]	Time 0.114 (0.114)	Loss 0.1030 (0.1030)	ERR 15.686 (15.686)
Test: [10/11]	Time 0.039 (0.109)	Loss 0.0954 (0.1672)	ERR 15.861 (16.839)
 * ERR 16.839 LOSS 0.167
Epoch: [23][0/31]	Time 0.445 (0.445)	Data 0.012 (0.012)	Loss 0.0746 (0.0746)	ERR 14.242 (14.242)
Epoch: [23][10/31]	Time 0.422 (0.456)	Data 0.011 (0.012)	Loss 0.2546 (0.1307)	ERR 18.534 (16.118)
Epoch: [23][20/31]	Time 0.478 (0.452)	Data 0.011 (0.012)	Loss 0.1101 (0.1330)	ERR 15.766 (16.741)
Epoch: [23][30/31]	Time 0.309 (0.443)	Data 0.009 (0.012)	Loss 0.1000 (0.1251)	ERR 14.701 (16.398)
Training Error: 16.398  Loss: 0.125
Test: [0/11]	Time 0.116 (0.116)	Loss 0.1882 (0.1882)	ERR 17.678 (17.678)
Test: [10/11]	Time 0.035 (0.109)	Loss 0.0920 (0.1669)	ERR 16.371 (17.903)
 * ERR 17.903 LOSS 0.167
Epoch: [24][0/31]	Time 0.462 (0.462)	Data 0.013 (0.013)	Loss 0.1938 (0.1938)	ERR 17.469 (17.469)
Epoch: [24][10/31]	Time 0.469 (0.438)	Data 0.011 (0.011)	Loss 0.0902 (0.1076)	ERR 15.591 (15.375)
Epoch: [24][20/31]	Time 0.468 (0.451)	Data 0.012 (0.012)	Loss 0.0915 (0.1259)	ERR 14.992 (15.921)
Epoch: [24][30/31]	Time 0.306 (0.443)	Data 0.008 (0.012)	Loss 0.0635 (0.1186)	ERR 15.000 (15.791)
Training Error: 15.791  Loss: 0.119
Test: [0/11]	Time 0.125 (0.125)	Loss 0.2661 (0.2661)	ERR 19.294 (19.294)
Test: [10/11]	Time 0.033 (0.110)	Loss 0.1129 (0.1651)	ERR 17.182 (16.702)
 * ERR 16.702 LOSS 0.165
Epoch: [25][0/31]	Time 0.441 (0.441)	Data 0.011 (0.011)	Loss 0.1011 (0.1011)	ERR 16.934 (16.934)
Epoch: [25][10/31]	Time 0.440 (0.435)	Data 0.012 (0.012)	Loss 0.1112 (0.1065)	ERR 14.960 (15.507)
Epoch: [25][20/31]	Time 0.443 (0.445)	Data 0.012 (0.012)	Loss 0.0786 (0.1102)	ERR 14.900 (15.588)
Epoch: [25][30/31]	Time 0.304 (0.441)	Data 0.008 (0.012)	Loss 0.0785 (0.1174)	ERR 14.539 (15.601)
Training Error: 15.601  Loss: 0.117
Test: [0/11]	Time 0.124 (0.124)	Loss 0.3223 (0.3223)	ERR 20.402 (20.402)
Test: [10/11]	Time 0.040 (0.111)	Loss 0.1459 (0.1553)	ERR 16.122 (15.888)
 * ERR 15.888 LOSS 0.155
Epoch: [26][0/31]	Time 0.448 (0.448)	Data 0.012 (0.012)	Loss 0.0616 (0.0616)	ERR 13.607 (13.607)
Epoch: [26][10/31]	Time 0.455 (0.454)	Data 0.011 (0.012)	Loss 0.0735 (0.1187)	ERR 14.690 (15.536)
Epoch: [26][20/31]	Time 0.453 (0.448)	Data 0.012 (0.012)	Loss 0.0604 (0.1242)	ERR 13.027 (15.531)
Epoch: [26][30/31]	Time 0.301 (0.443)	Data 0.009 (0.012)	Loss 0.1013 (0.1176)	ERR 14.828 (15.475)
Training Error: 15.475  Loss: 0.118
Test: [0/11]	Time 0.119 (0.119)	Loss 0.0897 (0.0897)	ERR 13.771 (13.771)
Test: [10/11]	Time 0.037 (0.111)	Loss 0.1234 (0.1548)	ERR 15.602 (15.568)
 * ERR 15.568 LOSS 0.155
Epoch: [27][0/31]	Time 0.451 (0.451)	Data 0.013 (0.013)	Loss 0.0737 (0.0737)	ERR 13.311 (13.311)
Epoch: [27][10/31]	Time 0.436 (0.436)	Data 0.011 (0.012)	Loss 0.1831 (0.1095)	ERR 15.149 (14.559)
Epoch: [27][20/31]	Time 0.431 (0.444)	Data 0.012 (0.012)	Loss 0.1237 (0.1003)	ERR 15.176 (14.709)
Epoch: [27][30/31]	Time 0.299 (0.443)	Data 0.008 (0.012)	Loss 0.1784 (0.1137)	ERR 18.802 (15.118)
Training Error: 15.118  Loss: 0.114
Test: [0/11]	Time 0.117 (0.117)	Loss 0.2605 (0.2605)	ERR 18.554 (18.554)
Test: [10/11]	Time 0.047 (0.123)	Loss 0.0995 (0.1658)	ERR 16.210 (17.424)
 * ERR 17.424 LOSS 0.166
Epoch: [28][0/31]	Time 0.424 (0.424)	Data 0.012 (0.012)	Loss 0.0921 (0.0921)	ERR 14.564 (14.564)
Epoch: [28][10/31]	Time 0.454 (0.450)	Data 0.012 (0.012)	Loss 0.1165 (0.1209)	ERR 17.040 (16.107)
Epoch: [28][20/31]	Time 0.453 (0.451)	Data 0.012 (0.012)	Loss 0.1185 (0.1192)	ERR 16.195 (15.703)
Epoch: [28][30/31]	Time 0.308 (0.444)	Data 0.009 (0.012)	Loss 0.0768 (0.1174)	ERR 14.696 (15.683)
Training Error: 15.683  Loss: 0.117
Test: [0/11]	Time 0.114 (0.114)	Loss 0.3468 (0.3468)	ERR 19.829 (19.829)
Test: [10/11]	Time 0.034 (0.111)	Loss 0.0933 (0.1608)	ERR 16.385 (16.571)
 * ERR 16.571 LOSS 0.161
Epoch: [29][0/31]	Time 0.440 (0.440)	Data 0.013 (0.013)	Loss 0.2179 (0.2179)	ERR 18.794 (18.794)
Epoch: [29][10/31]	Time 0.466 (0.446)	Data 0.011 (0.012)	Loss 0.0929 (0.1231)	ERR 14.322 (16.190)
Epoch: [29][20/31]	Time 0.418 (0.447)	Data 0.012 (0.012)	Loss 0.0825 (0.1116)	ERR 14.147 (15.361)
Epoch: [29][30/31]	Time 0.311 (0.443)	Data 0.008 (0.012)	Loss 0.0816 (0.1137)	ERR 13.514 (15.363)
Training Error: 15.363  Loss: 0.114
Test: [0/11]	Time 0.117 (0.117)	Loss 0.1162 (0.1162)	ERR 16.157 (16.157)
Test: [10/11]	Time 0.031 (0.111)	Loss 0.0576 (0.1570)	ERR 13.340 (15.988)
 * ERR 15.988 LOSS 0.157
---------Evaluate Model on Test Set---------------
Test: [0/11]	Time 2.684 (2.684)	Loss 0.1628 (0.1628)	ERR 17.922 (17.922)
Test: [10/11]	Time 0.657 (2.449)	Loss 0.1012 (0.1517)	ERR 16.765 (16.252)
Test error per property: 16.252039
Test loss per property: 0.15165778
 ** ERR 16.252 LOSS 0.152
Best Error is:  15.553129196166992
2020-04-23 14:26:20.086489
Time taken  597.814784526825
